ARM GAS  C:\Users\ANTONI~1\AppData\Local\Temp\ccMf7uB7.s 			page 1


   1              		.syntax unified
   2              		.cpu cortex-m0
   3              		.fpu softvfp
   4              		.eabi_attribute 20, 1
   5              		.eabi_attribute 21, 1
   6              		.eabi_attribute 23, 3
   7              		.eabi_attribute 24, 1
   8              		.eabi_attribute 25, 1
   9              		.eabi_attribute 26, 1
  10              		.eabi_attribute 30, 1
  11              		.eabi_attribute 34, 0
  12              		.eabi_attribute 18, 4
  13              		.thumb
  14              		.syntax unified
  15              		.file	"BLE_APP.c"
  16              		.text
  17              	.Ltext0:
  18              		.cfi_sections	.debug_frame
  19              		.section	.text.BLECallBack,"ax",%progbits
  20              		.align	2
  21              		.global	BLECallBack
  22              		.code	16
  23              		.thumb_func
  24              		.type	BLECallBack, %function
  25              	BLECallBack:
  26              	.LFB35:
  27              		.file 1 "BLE_APP.c"
   1:BLE_APP.c     **** /* ========================================
   2:BLE_APP.c     ****  *
   3:BLE_APP.c     ****  * Copyright YOUR COMPANY, THE YEAR
   4:BLE_APP.c     ****  * All Rights Reserved
   5:BLE_APP.c     ****  * UNPUBLISHED, LICENSED SOFTWARE.
   6:BLE_APP.c     ****  *
   7:BLE_APP.c     ****  * CONFIDENTIAL AND PROPRIETARY INFORMATION
   8:BLE_APP.c     ****  * WHICH IS THE PROPERTY OF your company.
   9:BLE_APP.c     ****  *
  10:BLE_APP.c     ****  * ========================================
  11:BLE_APP.c     **** */
  12:BLE_APP.c     **** 
  13:BLE_APP.c     **** #include "project.h"
  14:BLE_APP.c     **** #include "main.h"
  15:BLE_APP.c     **** #include "BLE_APP.h"
  16:BLE_APP.c     **** #include "LiquidCrystal_I2C.h"
  17:BLE_APP.c     **** 
  18:BLE_APP.c     **** // Variables referentes a las notificaciones de las características y de la conexión del disposit
  19:BLE_APP.c     **** uint8 startNotificationHumidity;
  20:BLE_APP.c     **** uint8 startNotificationTemperature;
  21:BLE_APP.c     **** uint8 startNotificationProximity;
  22:BLE_APP.c     **** uint8 deviceConnected = 0;
  23:BLE_APP.c     **** 
  24:BLE_APP.c     **** CYBLE_CONN_HANDLE_T connectionHandle;
  25:BLE_APP.c     **** 
  26:BLE_APP.c     **** void BLECallBack ( uint32 event, void *eventParam )       //Función de devolución de llamada BLE.
  27:BLE_APP.c     **** {
  28              		.loc 1 27 0
  29              		.cfi_startproc
  30              		@ args = 0, pretend = 0, frame = 0
ARM GAS  C:\Users\ANTONI~1\AppData\Local\Temp\ccMf7uB7.s 			page 2


  31              		@ frame_needed = 0, uses_anonymous_args = 0
  32              	.LVL0:
  33 0000 70B5     		push	{r4, r5, r6, lr}
  34              		.cfi_def_cfa_offset 16
  35              		.cfi_offset 4, -16
  36              		.cfi_offset 5, -12
  37              		.cfi_offset 6, -8
  38              		.cfi_offset 14, -4
  39 0002 0C00     		movs	r4, r1
  28:BLE_APP.c     ****     
  29:BLE_APP.c     ****     CYBLE_GATTS_WRITE_REQ_PARAM_T *wrReqParam;    //Mantener los comandos enviados por el cliente G
  30:BLE_APP.c     ****     
  31:BLE_APP.c     ****     switch (event) 
  40              		.loc 1 31 0
  41 0004 2828     		cmp	r0, #40
  42 0006 08D0     		beq	.L3
  43 0008 02D8     		bhi	.L4
  44 000a 0128     		cmp	r0, #1
  45 000c 05D0     		beq	.L3
  46 000e 6FE0     		b	.L1
  47              	.L4:
  48 0010 4128     		cmp	r0, #65
  49 0012 19D0     		beq	.L5
  50 0014 4C28     		cmp	r0, #76
  51 0016 2FD0     		beq	.L6
  52 0018 6AE0     		b	.L1
  53              	.L3:
  32:BLE_APP.c     ****     {
  33:BLE_APP.c     ****     //Manejar eventos de conexión.
  34:BLE_APP.c     ****         
  35:BLE_APP.c     ****         
  36:BLE_APP.c     ****         /**********************************************************
  37:BLE_APP.c     ****         *                     Eventos Generales
  38:BLE_APP.c     ****         ***********************************************************/
  39:BLE_APP.c     ****         
  40:BLE_APP.c     ****         case CYBLE_EVT_STACK_ON:
  41:BLE_APP.c     ****         
  42:BLE_APP.c     ****         
  43:BLE_APP.c     ****         /**********************************************************
  44:BLE_APP.c     ****         *                       Eventos GAP
  45:BLE_APP.c     ****         ***********************************************************/
  46:BLE_APP.c     ****         
  47:BLE_APP.c     ****         case CYBLE_EVT_GAP_DEVICE_DISCONNECTED:           // Estado de desconexión del dispositivo
  48:BLE_APP.c     ****             CyBle_GappStartAdvertisement(CYBLE_ADVERTISING_FAST);  // Reiniciar publicidad.
  54              		.loc 1 48 0
  55 001a 0020     		movs	r0, #0
  56              	.LVL1:
  57 001c FFF7FEFF 		bl	CyBle_GappStartAdvertisement
  58              	.LVL2:
  49:BLE_APP.c     ****             deviceConnected = 0;                          // Conexión del dispositivo, no activa.
  59              		.loc 1 49 0
  60 0020 0022     		movs	r2, #0
  61 0022 344B     		ldr	r3, .L9
  62 0024 1A70     		strb	r2, [r3]
  50:BLE_APP.c     ****             clear();                                      // Se limpia la LCD.
  63              		.loc 1 50 0
  64 0026 FFF7FEFF 		bl	clear
ARM GAS  C:\Users\ANTONI~1\AppData\Local\Temp\ccMf7uB7.s 			page 3


  65              	.LVL3:
  51:BLE_APP.c     ****             setCursor(4,0);                               // Primera linea LCD.
  66              		.loc 1 51 0
  67 002a 0021     		movs	r1, #0
  68 002c 0420     		movs	r0, #4
  69 002e FFF7FEFF 		bl	setCursor
  70              	.LVL4:
  52:BLE_APP.c     ****             LCD_print("CONEXION");                    // Se imprime en la LCD.
  71              		.loc 1 52 0
  72 0032 3148     		ldr	r0, .L9+4
  73 0034 FFF7FEFF 		bl	LCD_print
  74              	.LVL5:
  53:BLE_APP.c     ****             setCursor(1,1);                               // Segunda linea LCD.
  75              		.loc 1 53 0
  76 0038 0121     		movs	r1, #1
  77 003a 0120     		movs	r0, #1
  78 003c FFF7FEFF 		bl	setCursor
  79              	.LVL6:
  54:BLE_APP.c     ****             LCD_print("NO ESTABLECIDA");                 // Se imprime en la LCD.
  80              		.loc 1 54 0
  81 0040 2E48     		ldr	r0, .L9+8
  82 0042 FFF7FEFF 		bl	LCD_print
  83              	.LVL7:
  55:BLE_APP.c     ****             break;
  84              		.loc 1 55 0
  85 0046 53E0     		b	.L1
  86              	.LVL8:
  87              	.L5:
  56:BLE_APP.c     ****             
  57:BLE_APP.c     ****         /**********************************************************
  58:BLE_APP.c     ****         *                       Eventos GATT
  59:BLE_APP.c     ****         ***********************************************************/
  60:BLE_APP.c     ****             
  61:BLE_APP.c     ****         case CYBLE_EVT_GATT_CONNECT_IND:                   // Estado de conexión establecida.
  62:BLE_APP.c     ****             connectionHandle = *(CYBLE_CONN_HANDLE_T *)eventParam;
  88              		.loc 1 62 0
  89 0048 0222     		movs	r2, #2
  90 004a 2D48     		ldr	r0, .L9+12
  91              	.LVL9:
  92 004c FFF7FEFF 		bl	memcpy
  93              	.LVL10:
  63:BLE_APP.c     ****             deviceConnected = 1;                           // Conexión del dispositivo, activa.
  94              		.loc 1 63 0
  95 0050 0122     		movs	r2, #1
  96 0052 284B     		ldr	r3, .L9
  97 0054 1A70     		strb	r2, [r3]
  64:BLE_APP.c     ****             clear();                                       // Se limpia la LCD.
  98              		.loc 1 64 0
  99 0056 FFF7FEFF 		bl	clear
 100              	.LVL11:
  65:BLE_APP.c     ****             setCursor(4,0);                                // Segunda linea LCD.
 101              		.loc 1 65 0
 102 005a 0021     		movs	r1, #0
 103 005c 0420     		movs	r0, #4
 104 005e FFF7FEFF 		bl	setCursor
 105              	.LVL12:
  66:BLE_APP.c     ****             LCD_print("CONEXION");                         // Se imprime en la LCD.
ARM GAS  C:\Users\ANTONI~1\AppData\Local\Temp\ccMf7uB7.s 			page 4


 106              		.loc 1 66 0
 107 0062 2548     		ldr	r0, .L9+4
 108 0064 FFF7FEFF 		bl	LCD_print
 109              	.LVL13:
  67:BLE_APP.c     ****             setCursor(2,1);                                // Segunda linea LCD.
 110              		.loc 1 67 0
 111 0068 0121     		movs	r1, #1
 112 006a 0220     		movs	r0, #2
 113 006c FFF7FEFF 		bl	setCursor
 114              	.LVL14:
  68:BLE_APP.c     ****             LCD_print("ESTABLECIDA");                    // Se imprime en la LCD.
 115              		.loc 1 68 0
 116 0070 2448     		ldr	r0, .L9+16
 117 0072 FFF7FEFF 		bl	LCD_print
 118              	.LVL15:
  69:BLE_APP.c     ****             break;
 119              		.loc 1 69 0
 120 0076 3BE0     		b	.L1
 121              	.LVL16:
 122              	.L6:
  70:BLE_APP.c     ****         
  71:BLE_APP.c     ****         case CYBLE_EVT_GATTS_WRITE_REQ:                    // Estado de escritura con respuesta.
  72:BLE_APP.c     ****             
  73:BLE_APP.c     ****             //Variables para activar la notificación de las características.
  74:BLE_APP.c     ****             wrReqParam = (CYBLE_GATTS_WRITE_REQ_PARAM_T *)eventParam;
  75:BLE_APP.c     ****             //wrReqParamHumidity = (CYBLE_GATTS_WRITE_REQ_PARAM_T *)eventParam;
  76:BLE_APP.c     ****             //wrReqParamTemperature = (CYBLE_GATTS_WRITE_REQ_PARAM_T *)eventParam;
  77:BLE_APP.c     ****             //wrReqParamProximity = (CYBLE_GATTS_WRITE_REQ_PARAM_T *)eventParam;
  78:BLE_APP.c     ****             
  79:BLE_APP.c     ****             //Proceso para activar la notificación de la característica de la humedad.
  80:BLE_APP.c     ****             if (wrReqParam-> handleValPair.attrHandle == CYBLE_DHT22_HUMIDITY_HUMIDITYCCCD_DESC_HAN
 123              		.loc 1 80 0
 124 0078 8B89     		ldrh	r3, [r1, #12]
 125 007a 132B     		cmp	r3, #19
 126 007c 11D1     		bne	.L7
  81:BLE_APP.c     ****             {
  82:BLE_APP.c     ****                 //CyBle_GattsWriteAttributeValue(&wrReqParam -> handleValPair, 0, &connectionHandle
  83:BLE_APP.c     ****                 CyBle_GattsWriteAttributeValue(&wrReqParam -> handleValPair, 0, &connectionHandle, 
 127              		.loc 1 83 0
 128 007e 204D     		ldr	r5, .L9+12
 129 0080 081D     		adds	r0, r1, #4
 130              	.LVL17:
 131 0082 2D33     		adds	r3, r3, #45
 132 0084 2A00     		movs	r2, r5
 133 0086 0021     		movs	r1, #0
 134              	.LVL18:
 135 0088 FFF7FEFF 		bl	CyBle_GattsWriteAttributeValue
 136              	.LVL19:
  84:BLE_APP.c     ****                 startNotificationHumidity = wrReqParam-> handleValPair.value.val[0];
 137              		.loc 1 84 0
 138 008c 6368     		ldr	r3, [r4, #4]
 139 008e 1A78     		ldrb	r2, [r3]
 140 0090 1D4B     		ldr	r3, .L9+20
 141 0092 1A70     		strb	r2, [r3]
  85:BLE_APP.c     ****                 CyBle_GattsWriteRsp(connectionHandle);
 142              		.loc 1 85 0
 143 0094 2B78     		ldrb	r3, [r5]
ARM GAS  C:\Users\ANTONI~1\AppData\Local\Temp\ccMf7uB7.s 			page 5


 144 0096 6878     		ldrb	r0, [r5, #1]
 145 0098 0002     		lsls	r0, r0, #8
 146 009a 1843     		orrs	r0, r3
 147 009c FFF7FEFF 		bl	CyBle_GattsWriteRsp
 148              	.LVL20:
 149 00a0 26E0     		b	.L1
 150              	.LVL21:
 151              	.L7:
  86:BLE_APP.c     ****             }
  87:BLE_APP.c     ****             
  88:BLE_APP.c     ****             
  89:BLE_APP.c     ****             //Proceso para activar la notificación de la característica de la temperatura. 
  90:BLE_APP.c     ****             else if (wrReqParam-> handleValPair.attrHandle == CYBLE_DHT22_TEMPERATURE_TEMPERATURECC
 152              		.loc 1 90 0
 153 00a2 172B     		cmp	r3, #23
 154 00a4 11D1     		bne	.L8
  91:BLE_APP.c     ****             {
  92:BLE_APP.c     ****                 //CyBle_GattsWriteAttributeValue(&wrReqParam -> handleValPair, 0, &connectionHandle
  93:BLE_APP.c     ****                 CyBle_GattsWriteAttributeValue(&wrReqParam -> handleValPair, 0, &connectionHandle, 
 155              		.loc 1 93 0
 156 00a6 164D     		ldr	r5, .L9+12
 157 00a8 081D     		adds	r0, r1, #4
 158              	.LVL22:
 159 00aa 2933     		adds	r3, r3, #41
 160 00ac 2A00     		movs	r2, r5
 161 00ae 0021     		movs	r1, #0
 162              	.LVL23:
 163 00b0 FFF7FEFF 		bl	CyBle_GattsWriteAttributeValue
 164              	.LVL24:
  94:BLE_APP.c     ****                 startNotificationTemperature = wrReqParam-> handleValPair.value.val[0];
 165              		.loc 1 94 0
 166 00b4 6368     		ldr	r3, [r4, #4]
 167 00b6 1A78     		ldrb	r2, [r3]
 168 00b8 144B     		ldr	r3, .L9+24
 169 00ba 1A70     		strb	r2, [r3]
  95:BLE_APP.c     ****                 CyBle_GattsWriteRsp(connectionHandle);
 170              		.loc 1 95 0
 171 00bc 2B78     		ldrb	r3, [r5]
 172 00be 6878     		ldrb	r0, [r5, #1]
 173 00c0 0002     		lsls	r0, r0, #8
 174 00c2 1843     		orrs	r0, r3
 175 00c4 FFF7FEFF 		bl	CyBle_GattsWriteRsp
 176              	.LVL25:
 177 00c8 12E0     		b	.L1
 178              	.LVL26:
 179              	.L8:
  96:BLE_APP.c     ****             }
  97:BLE_APP.c     ****             
  98:BLE_APP.c     ****             
  99:BLE_APP.c     ****             //Proceso para activar la notificación de la característica de la proximidad. 
 100:BLE_APP.c     ****             else if (wrReqParam-> handleValPair.attrHandle == CYBLE_PROX_SENSOR_PROXIMITY_PROXIMITY
 180              		.loc 1 100 0
 181 00ca 1C2B     		cmp	r3, #28
 182 00cc 10D1     		bne	.L1
 101:BLE_APP.c     ****             {
 102:BLE_APP.c     ****                 //CyBle_GattsWriteAttributeValue(&wrReqParam -> handleValPair, 0, &connectionHandle
 103:BLE_APP.c     ****                 CyBle_GattsWriteAttributeValue(&wrReqParam -> handleValPair, 0, &connectionHandle, 
ARM GAS  C:\Users\ANTONI~1\AppData\Local\Temp\ccMf7uB7.s 			page 6


 183              		.loc 1 103 0
 184 00ce 0C4D     		ldr	r5, .L9+12
 185 00d0 081D     		adds	r0, r1, #4
 186              	.LVL27:
 187 00d2 2433     		adds	r3, r3, #36
 188 00d4 2A00     		movs	r2, r5
 189 00d6 0021     		movs	r1, #0
 190              	.LVL28:
 191 00d8 FFF7FEFF 		bl	CyBle_GattsWriteAttributeValue
 192              	.LVL29:
 104:BLE_APP.c     ****                 startNotificationProximity = wrReqParam-> handleValPair.value.val[0];
 193              		.loc 1 104 0
 194 00dc 6368     		ldr	r3, [r4, #4]
 195 00de 1A78     		ldrb	r2, [r3]
 196 00e0 0B4B     		ldr	r3, .L9+28
 197 00e2 1A70     		strb	r2, [r3]
 105:BLE_APP.c     ****                 CyBle_GattsWriteRsp(connectionHandle);
 198              		.loc 1 105 0
 199 00e4 2B78     		ldrb	r3, [r5]
 200 00e6 6878     		ldrb	r0, [r5, #1]
 201 00e8 0002     		lsls	r0, r0, #8
 202 00ea 1843     		orrs	r0, r3
 203 00ec FFF7FEFF 		bl	CyBle_GattsWriteRsp
 204              	.LVL30:
 205              	.L1:
 106:BLE_APP.c     ****             }
 107:BLE_APP.c     ****             
 108:BLE_APP.c     ****             
 109:BLE_APP.c     ****             //CyBle_GattsWriteRsp(connectionHandle);
 110:BLE_APP.c     ****             break;
 111:BLE_APP.c     ****             
 112:BLE_APP.c     ****             //default:
 113:BLE_APP.c     ****             //break;            
 114:BLE_APP.c     ****     }       
 115:BLE_APP.c     **** }
 206              		.loc 1 115 0
 207              		@ sp needed
 208              	.LVL31:
 209 00f0 70BD     		pop	{r4, r5, r6, pc}
 210              	.L10:
 211 00f2 C046     		.align	2
 212              	.L9:
 213 00f4 00000000 		.word	.LANCHOR0
 214 00f8 00000000 		.word	.LC1
 215 00fc 0C000000 		.word	.LC3
 216 0100 00000000 		.word	connectionHandle
 217 0104 1C000000 		.word	.LC6
 218 0108 00000000 		.word	startNotificationHumidity
 219 010c 00000000 		.word	startNotificationTemperature
 220 0110 00000000 		.word	startNotificationProximity
 221              		.cfi_endproc
 222              	.LFE35:
 223              		.size	BLECallBack, .-BLECallBack
 224              		.comm	connectionHandle,2,4
 225              		.global	deviceConnected
 226              		.comm	startNotificationProximity,1,1
 227              		.comm	startNotificationTemperature,1,1
ARM GAS  C:\Users\ANTONI~1\AppData\Local\Temp\ccMf7uB7.s 			page 7


 228              		.comm	startNotificationHumidity,1,1
 229              		.section	.rodata.str1.4,"aMS",%progbits,1
 230              		.align	2
 231              	.LC1:
 232 0000 434F4E45 		.ascii	"CONEXION\000"
 232      58494F4E 
 232      00
 233 0009 000000   		.space	3
 234              	.LC3:
 235 000c 4E4F2045 		.ascii	"NO ESTABLECIDA\000"
 235      53544142 
 235      4C454349 
 235      444100
 236 001b 00       		.space	1
 237              	.LC6:
 238 001c 45535441 		.ascii	"ESTABLECIDA\000"
 238      424C4543 
 238      49444100 
 239              		.bss
 240              		.set	.LANCHOR0,. + 0
 241              		.type	deviceConnected, %object
 242              		.size	deviceConnected, 1
 243              	deviceConnected:
 244 0000 00       		.space	1
 245              		.text
 246              	.Letext0:
 247              		.file 2 "Generated_Source\\PSoC4/cytypes.h"
 248              		.file 3 "Generated_Source\\PSoC4/BLE_StackGatt.h"
 249              		.file 4 "Generated_Source\\PSoC4/BLE_StackGattServer.h"
 250              		.file 5 "Generated_Source\\PSoC4/BLE.h"
 251              		.file 6 "LiquidCrystal_I2C.h"
 252              		.file 7 "Generated_Source\\PSoC4/BLE_StackGattDb.h"
 253              		.file 8 "Generated_Source\\PSoC4/BLE_Stack.h"
 254              		.section	.debug_info,"",%progbits
 255              	.Ldebug_info0:
 256 0000 AB050000 		.4byte	0x5ab
 257 0004 0400     		.2byte	0x4
 258 0006 00000000 		.4byte	.Ldebug_abbrev0
 259 000a 04       		.byte	0x4
 260 000b 01       		.uleb128 0x1
 261 000c 0C020000 		.4byte	.LASF114
 262 0010 0C       		.byte	0xc
 263 0011 4C0A0000 		.4byte	.LASF115
 264 0015 36030000 		.4byte	.LASF116
 265 0019 00000000 		.4byte	.Ldebug_ranges0+0
 266 001d 00000000 		.4byte	0
 267 0021 00000000 		.4byte	.Ldebug_line0
 268 0025 02       		.uleb128 0x2
 269 0026 01       		.byte	0x1
 270 0027 06       		.byte	0x6
 271 0028 5F060000 		.4byte	.LASF0
 272 002c 02       		.uleb128 0x2
 273 002d 01       		.byte	0x1
 274 002e 08       		.byte	0x8
 275 002f D1050000 		.4byte	.LASF1
 276 0033 02       		.uleb128 0x2
 277 0034 02       		.byte	0x2
ARM GAS  C:\Users\ANTONI~1\AppData\Local\Temp\ccMf7uB7.s 			page 8


 278 0035 05       		.byte	0x5
 279 0036 E0000000 		.4byte	.LASF2
 280 003a 02       		.uleb128 0x2
 281 003b 02       		.byte	0x2
 282 003c 07       		.byte	0x7
 283 003d 77080000 		.4byte	.LASF3
 284 0041 02       		.uleb128 0x2
 285 0042 04       		.byte	0x4
 286 0043 05       		.byte	0x5
 287 0044 40040000 		.4byte	.LASF4
 288 0048 02       		.uleb128 0x2
 289 0049 04       		.byte	0x4
 290 004a 07       		.byte	0x7
 291 004b FA060000 		.4byte	.LASF5
 292 004f 02       		.uleb128 0x2
 293 0050 08       		.byte	0x8
 294 0051 05       		.byte	0x5
 295 0052 55010000 		.4byte	.LASF6
 296 0056 02       		.uleb128 0x2
 297 0057 08       		.byte	0x8
 298 0058 07       		.byte	0x7
 299 0059 08040000 		.4byte	.LASF7
 300 005d 03       		.uleb128 0x3
 301 005e 04       		.byte	0x4
 302 005f 05       		.byte	0x5
 303 0060 696E7400 		.ascii	"int\000"
 304 0064 02       		.uleb128 0x2
 305 0065 04       		.byte	0x4
 306 0066 07       		.byte	0x7
 307 0067 C8060000 		.4byte	.LASF8
 308 006b 04       		.uleb128 0x4
 309 006c 8A080000 		.4byte	.LASF9
 310 0070 02       		.byte	0x2
 311 0071 E401     		.2byte	0x1e4
 312 0073 2C000000 		.4byte	0x2c
 313 0077 04       		.uleb128 0x4
 314 0078 9E080000 		.4byte	.LASF10
 315 007c 02       		.byte	0x2
 316 007d E501     		.2byte	0x1e5
 317 007f 3A000000 		.4byte	0x3a
 318 0083 04       		.uleb128 0x4
 319 0084 E2080000 		.4byte	.LASF11
 320 0088 02       		.byte	0x2
 321 0089 E601     		.2byte	0x1e6
 322 008b 48000000 		.4byte	0x48
 323 008f 02       		.uleb128 0x2
 324 0090 04       		.byte	0x4
 325 0091 04       		.byte	0x4
 326 0092 9F030000 		.4byte	.LASF12
 327 0096 02       		.uleb128 0x2
 328 0097 08       		.byte	0x8
 329 0098 04       		.byte	0x4
 330 0099 35090000 		.4byte	.LASF13
 331 009d 02       		.uleb128 0x2
 332 009e 01       		.byte	0x1
 333 009f 08       		.byte	0x8
 334 00a0 43080000 		.4byte	.LASF14
ARM GAS  C:\Users\ANTONI~1\AppData\Local\Temp\ccMf7uB7.s 			page 9


 335 00a4 02       		.uleb128 0x2
 336 00a5 04       		.byte	0x4
 337 00a6 07       		.byte	0x7
 338 00a7 22010000 		.4byte	.LASF15
 339 00ab 02       		.uleb128 0x2
 340 00ac 08       		.byte	0x8
 341 00ad 04       		.byte	0x4
 342 00ae 00000000 		.4byte	.LASF16
 343 00b2 05       		.uleb128 0x5
 344 00b3 04       		.byte	0x4
 345 00b4 06       		.uleb128 0x6
 346 00b5 04       		.byte	0x4
 347 00b6 6B000000 		.4byte	0x6b
 348 00ba 07       		.uleb128 0x7
 349 00bb 01       		.byte	0x1
 350 00bc 2C000000 		.4byte	0x2c
 351 00c0 08       		.byte	0x8
 352 00c1 3501     		.2byte	0x135
 353 00c3 78020000 		.4byte	0x278
 354 00c7 08       		.uleb128 0x8
 355 00c8 01030000 		.4byte	.LASF17
 356 00cc 00       		.byte	0
 357 00cd 08       		.uleb128 0x8
 358 00ce A6010000 		.4byte	.LASF18
 359 00d2 01       		.byte	0x1
 360 00d3 08       		.uleb128 0x8
 361 00d4 C30A0000 		.4byte	.LASF19
 362 00d8 02       		.byte	0x2
 363 00d9 08       		.uleb128 0x8
 364 00da CA090000 		.4byte	.LASF20
 365 00de 03       		.byte	0x3
 366 00df 08       		.uleb128 0x8
 367 00e0 70010000 		.4byte	.LASF21
 368 00e4 04       		.byte	0x4
 369 00e5 08       		.uleb128 0x8
 370 00e6 EC040000 		.4byte	.LASF22
 371 00ea 05       		.byte	0x5
 372 00eb 08       		.uleb128 0x8
 373 00ec 4A000000 		.4byte	.LASF23
 374 00f0 06       		.byte	0x6
 375 00f1 08       		.uleb128 0x8
 376 00f2 280A0000 		.4byte	.LASF24
 377 00f6 20       		.byte	0x20
 378 00f7 08       		.uleb128 0x8
 379 00f8 0C070000 		.4byte	.LASF25
 380 00fc 21       		.byte	0x21
 381 00fd 08       		.uleb128 0x8
 382 00fe 0C000000 		.4byte	.LASF26
 383 0102 22       		.byte	0x22
 384 0103 08       		.uleb128 0x8
 385 0104 26050000 		.4byte	.LASF27
 386 0108 23       		.byte	0x23
 387 0109 08       		.uleb128 0x8
 388 010a AC060000 		.4byte	.LASF28
 389 010e 24       		.byte	0x24
 390 010f 08       		.uleb128 0x8
 391 0110 EA000000 		.4byte	.LASF29
ARM GAS  C:\Users\ANTONI~1\AppData\Local\Temp\ccMf7uB7.s 			page 10


 392 0114 25       		.byte	0x25
 393 0115 08       		.uleb128 0x8
 394 0116 A3040000 		.4byte	.LASF30
 395 011a 26       		.byte	0x26
 396 011b 08       		.uleb128 0x8
 397 011c 6A040000 		.4byte	.LASF31
 398 0120 27       		.byte	0x27
 399 0121 08       		.uleb128 0x8
 400 0122 7D000000 		.4byte	.LASF32
 401 0126 28       		.byte	0x28
 402 0127 08       		.uleb128 0x8
 403 0128 4A070000 		.4byte	.LASF33
 404 012c 29       		.byte	0x29
 405 012d 08       		.uleb128 0x8
 406 012e F3070000 		.4byte	.LASF34
 407 0132 2A       		.byte	0x2a
 408 0133 08       		.uleb128 0x8
 409 0134 F90A0000 		.4byte	.LASF35
 410 0138 2B       		.byte	0x2b
 411 0139 08       		.uleb128 0x8
 412 013a AD070000 		.4byte	.LASF36
 413 013e 2C       		.byte	0x2c
 414 013f 08       		.uleb128 0x8
 415 0140 BE030000 		.4byte	.LASF37
 416 0144 2D       		.byte	0x2d
 417 0145 08       		.uleb128 0x8
 418 0146 BC000000 		.4byte	.LASF38
 419 014a 2E       		.byte	0x2e
 420 014b 08       		.uleb128 0x8
 421 014c 100C0000 		.4byte	.LASF39
 422 0150 2F       		.byte	0x2f
 423 0151 08       		.uleb128 0x8
 424 0152 A0020000 		.4byte	.LASF40
 425 0156 30       		.byte	0x30
 426 0157 08       		.uleb128 0x8
 427 0158 6A050000 		.4byte	.LASF41
 428 015c 31       		.byte	0x31
 429 015d 08       		.uleb128 0x8
 430 015e E7030000 		.4byte	.LASF42
 431 0162 32       		.byte	0x32
 432 0163 08       		.uleb128 0x8
 433 0164 1C080000 		.4byte	.LASF43
 434 0168 33       		.byte	0x33
 435 0169 08       		.uleb128 0x8
 436 016a 72070000 		.4byte	.LASF44
 437 016e 34       		.byte	0x34
 438 016f 08       		.uleb128 0x8
 439 0170 92090000 		.4byte	.LASF45
 440 0174 35       		.byte	0x35
 441 0175 08       		.uleb128 0x8
 442 0176 1F040000 		.4byte	.LASF46
 443 017a 36       		.byte	0x36
 444 017b 08       		.uleb128 0x8
 445 017c B9010000 		.4byte	.LASF47
 446 0180 37       		.byte	0x37
 447 0181 08       		.uleb128 0x8
 448 0182 63000000 		.4byte	.LASF48
ARM GAS  C:\Users\ANTONI~1\AppData\Local\Temp\ccMf7uB7.s 			page 11


 449 0186 40       		.byte	0x40
 450 0187 08       		.uleb128 0x8
 451 0188 DF060000 		.4byte	.LASF49
 452 018c 41       		.byte	0x41
 453 018d 08       		.uleb128 0x8
 454 018e 04010000 		.4byte	.LASF50
 455 0192 42       		.byte	0x42
 456 0193 08       		.uleb128 0x8
 457 0194 EE010000 		.4byte	.LASF51
 458 0198 43       		.byte	0x43
 459 0199 08       		.uleb128 0x8
 460 019a A50A0000 		.4byte	.LASF52
 461 019e 44       		.byte	0x44
 462 019f 08       		.uleb128 0x8
 463 01a0 600A0000 		.4byte	.LASF53
 464 01a4 45       		.byte	0x45
 465 01a5 08       		.uleb128 0x8
 466 01a6 85010000 		.4byte	.LASF54
 467 01aa 46       		.byte	0x46
 468 01ab 08       		.uleb128 0x8
 469 01ac 41060000 		.4byte	.LASF55
 470 01b0 47       		.byte	0x47
 471 01b1 08       		.uleb128 0x8
 472 01b2 85060000 		.4byte	.LASF56
 473 01b6 48       		.byte	0x48
 474 01b7 08       		.uleb128 0x8
 475 01b8 A5030000 		.4byte	.LASF57
 476 01bc 49       		.byte	0x49
 477 01bd 08       		.uleb128 0x8
 478 01be A5080000 		.4byte	.LASF58
 479 01c2 4A       		.byte	0x4a
 480 01c3 08       		.uleb128 0x8
 481 01c4 C1020000 		.4byte	.LASF59
 482 01c8 4B       		.byte	0x4b
 483 01c9 08       		.uleb128 0x8
 484 01ca 6B060000 		.4byte	.LASF60
 485 01ce 4C       		.byte	0x4c
 486 01cf 08       		.uleb128 0x8
 487 01d0 30000000 		.4byte	.LASF61
 488 01d4 4D       		.byte	0x4d
 489 01d5 08       		.uleb128 0x8
 490 01d6 870A0000 		.4byte	.LASF62
 491 01da 4E       		.byte	0x4e
 492 01db 08       		.uleb128 0x8
 493 01dc DF050000 		.4byte	.LASF63
 494 01e0 4F       		.byte	0x4f
 495 01e1 08       		.uleb128 0x8
 496 01e2 940B0000 		.4byte	.LASF64
 497 01e6 50       		.byte	0x50
 498 01e7 08       		.uleb128 0x8
 499 01e8 C3080000 		.4byte	.LASF65
 500 01ec 51       		.byte	0x51
 501 01ed 08       		.uleb128 0x8
 502 01ee CB040000 		.4byte	.LASF66
 503 01f2 52       		.byte	0x52
 504 01f3 08       		.uleb128 0x8
 505 01f4 49040000 		.4byte	.LASF67
ARM GAS  C:\Users\ANTONI~1\AppData\Local\Temp\ccMf7uB7.s 			page 12


 506 01f8 53       		.byte	0x53
 507 01f9 08       		.uleb128 0x8
 508 01fa E0020000 		.4byte	.LASF68
 509 01fe 54       		.byte	0x54
 510 01ff 08       		.uleb128 0x8
 511 0200 DA0B0000 		.4byte	.LASF69
 512 0204 55       		.byte	0x55
 513 0205 08       		.uleb128 0x8
 514 0206 6C0B0000 		.4byte	.LASF70
 515 020a 56       		.byte	0x56
 516 020b 08       		.uleb128 0x8
 517 020c 430B0000 		.4byte	.LASF71
 518 0210 57       		.byte	0x57
 519 0211 08       		.uleb128 0x8
 520 0212 8A070000 		.4byte	.LASF72
 521 0216 58       		.byte	0x58
 522 0217 08       		.uleb128 0x8
 523 0218 AB050000 		.4byte	.LASF73
 524 021c 70       		.byte	0x70
 525 021d 08       		.uleb128 0x8
 526 021e 020A0000 		.4byte	.LASF74
 527 0222 71       		.byte	0x71
 528 0223 08       		.uleb128 0x8
 529 0224 5B080000 		.4byte	.LASF75
 530 0228 72       		.byte	0x72
 531 0229 08       		.uleb128 0x8
 532 022a 18030000 		.4byte	.LASF76
 533 022e 73       		.byte	0x73
 534 022f 08       		.uleb128 0x8
 535 0230 4C050000 		.4byte	.LASF77
 536 0234 74       		.byte	0x74
 537 0235 08       		.uleb128 0x8
 538 0236 29070000 		.4byte	.LASF78
 539 023a 75       		.byte	0x75
 540 023b 08       		.uleb128 0x8
 541 023c 75030000 		.4byte	.LASF79
 542 0240 76       		.byte	0x76
 543 0241 08       		.uleb128 0x8
 544 0242 E3090000 		.4byte	.LASF80
 545 0246 77       		.byte	0x77
 546 0247 08       		.uleb128 0x8
 547 0248 07090000 		.4byte	.LASF81
 548 024c 78       		.byte	0x78
 549 024d 08       		.uleb128 0x8
 550 024e 6F090000 		.4byte	.LASF82
 551 0252 79       		.byte	0x79
 552 0253 08       		.uleb128 0x8
 553 0254 D50A0000 		.4byte	.LASF83
 554 0258 7A       		.byte	0x7a
 555 0259 08       		.uleb128 0x8
 556 025a E9080000 		.4byte	.LASF84
 557 025e FA       		.byte	0xfa
 558 025f 08       		.uleb128 0x8
 559 0260 12060000 		.4byte	.LASF85
 560 0264 FB       		.byte	0xfb
 561 0265 08       		.uleb128 0x8
 562 0266 FE0B0000 		.4byte	.LASF86
ARM GAS  C:\Users\ANTONI~1\AppData\Local\Temp\ccMf7uB7.s 			page 13


 563 026a FC       		.byte	0xfc
 564 026b 08       		.uleb128 0x8
 565 026c DB070000 		.4byte	.LASF87
 566 0270 FD       		.byte	0xfd
 567 0271 08       		.uleb128 0x8
 568 0272 180B0000 		.4byte	.LASF88
 569 0276 FF       		.byte	0xff
 570 0277 00       		.byte	0
 571 0278 04       		.uleb128 0x4
 572 0279 B30B0000 		.4byte	.LASF89
 573 027d 03       		.byte	0x3
 574 027e 8901     		.2byte	0x189
 575 0280 77000000 		.4byte	0x77
 576 0284 09       		.uleb128 0x9
 577 0285 02       		.byte	0x2
 578 0286 03       		.byte	0x3
 579 0287 9301     		.2byte	0x193
 580 0289 A8020000 		.4byte	0x2a8
 581 028d 0A       		.uleb128 0xa
 582 028e 96030000 		.4byte	.LASF90
 583 0292 03       		.byte	0x3
 584 0293 9A01     		.2byte	0x19a
 585 0295 6B000000 		.4byte	0x6b
 586 0299 00       		.byte	0
 587 029a 0A       		.uleb128 0xa
 588 029b 23070000 		.4byte	.LASF91
 589 029f 03       		.byte	0x3
 590 02a0 A001     		.2byte	0x1a0
 591 02a2 6B000000 		.4byte	0x6b
 592 02a6 01       		.byte	0x1
 593 02a7 00       		.byte	0
 594 02a8 04       		.uleb128 0x4
 595 02a9 3C090000 		.4byte	.LASF92
 596 02ad 03       		.byte	0x3
 597 02ae A201     		.2byte	0x1a2
 598 02b0 84020000 		.4byte	0x284
 599 02b4 09       		.uleb128 0x9
 600 02b5 08       		.byte	0x8
 601 02b6 03       		.byte	0x3
 602 02b7 BE01     		.2byte	0x1be
 603 02b9 E5020000 		.4byte	0x2e5
 604 02bd 0B       		.uleb128 0xb
 605 02be 76616C00 		.ascii	"val\000"
 606 02c2 03       		.byte	0x3
 607 02c3 C101     		.2byte	0x1c1
 608 02c5 B4000000 		.4byte	0xb4
 609 02c9 00       		.byte	0
 610 02ca 0B       		.uleb128 0xb
 611 02cb 6C656E00 		.ascii	"len\000"
 612 02cf 03       		.byte	0x3
 613 02d0 C401     		.2byte	0x1c4
 614 02d2 77000000 		.4byte	0x77
 615 02d6 04       		.byte	0x4
 616 02d7 0A       		.uleb128 0xa
 617 02d8 560A0000 		.4byte	.LASF93
 618 02dc 03       		.byte	0x3
 619 02dd CB01     		.2byte	0x1cb
ARM GAS  C:\Users\ANTONI~1\AppData\Local\Temp\ccMf7uB7.s 			page 14


 620 02df 77000000 		.4byte	0x77
 621 02e3 06       		.byte	0x6
 622 02e4 00       		.byte	0
 623 02e5 04       		.uleb128 0x4
 624 02e6 48080000 		.4byte	.LASF94
 625 02ea 03       		.byte	0x3
 626 02eb CD01     		.2byte	0x1cd
 627 02ed B4020000 		.4byte	0x2b4
 628 02f1 09       		.uleb128 0x9
 629 02f2 0C       		.byte	0xc
 630 02f3 03       		.byte	0x3
 631 02f4 D001     		.2byte	0x1d0
 632 02f6 15030000 		.4byte	0x315
 633 02fa 0A       		.uleb128 0xa
 634 02fb 8E0B0000 		.4byte	.LASF95
 635 02ff 03       		.byte	0x3
 636 0300 D301     		.2byte	0x1d3
 637 0302 E5020000 		.4byte	0x2e5
 638 0306 00       		.byte	0
 639 0307 0A       		.uleb128 0xa
 640 0308 2A090000 		.4byte	.LASF96
 641 030c 03       		.byte	0x3
 642 030d D601     		.2byte	0x1d6
 643 030f 78020000 		.4byte	0x278
 644 0313 08       		.byte	0x8
 645 0314 00       		.byte	0
 646 0315 04       		.uleb128 0x4
 647 0316 50090000 		.4byte	.LASF97
 648 031a 03       		.byte	0x3
 649 031b D801     		.2byte	0x1d8
 650 031d F1020000 		.4byte	0x2f1
 651 0321 0C       		.uleb128 0xc
 652 0322 10       		.byte	0x10
 653 0323 04       		.byte	0x4
 654 0324 8A       		.byte	0x8a
 655 0325 42030000 		.4byte	0x342
 656 0329 0D       		.uleb128 0xd
 657 032a 67070000 		.4byte	.LASF98
 658 032e 04       		.byte	0x4
 659 032f 8D       		.byte	0x8d
 660 0330 A8020000 		.4byte	0x2a8
 661 0334 00       		.byte	0
 662 0335 0D       		.uleb128 0xd
 663 0336 90080000 		.4byte	.LASF99
 664 033a 04       		.byte	0x4
 665 033b 90       		.byte	0x90
 666 033c 15030000 		.4byte	0x315
 667 0340 04       		.byte	0x4
 668 0341 00       		.byte	0
 669 0342 0E       		.uleb128 0xe
 670 0343 08050000 		.4byte	.LASF100
 671 0347 04       		.byte	0x4
 672 0348 92       		.byte	0x92
 673 0349 21030000 		.4byte	0x321
 674 034d 0F       		.uleb128 0xf
 675 034e 370B0000 		.4byte	.LASF117
 676 0352 01       		.byte	0x1
ARM GAS  C:\Users\ANTONI~1\AppData\Local\Temp\ccMf7uB7.s 			page 15


 677 0353 1A       		.byte	0x1a
 678 0354 00000000 		.4byte	.LFB35
 679 0358 14010000 		.4byte	.LFE35-.LFB35
 680 035c 01       		.uleb128 0x1
 681 035d 9C       		.byte	0x9c
 682 035e 05050000 		.4byte	0x505
 683 0362 10       		.uleb128 0x10
 684 0363 6A010000 		.4byte	.LASF101
 685 0367 01       		.byte	0x1
 686 0368 1A       		.byte	0x1a
 687 0369 83000000 		.4byte	0x83
 688 036d 00000000 		.4byte	.LLST0
 689 0371 10       		.uleb128 0x10
 690 0372 CF0B0000 		.4byte	.LASF102
 691 0376 01       		.byte	0x1
 692 0377 1A       		.byte	0x1a
 693 0378 B2000000 		.4byte	0xb2
 694 037c 85000000 		.4byte	.LLST1
 695 0380 11       		.uleb128 0x11
 696 0381 4A010000 		.4byte	.LASF118
 697 0385 01       		.byte	0x1
 698 0386 1D       		.byte	0x1d
 699 0387 05050000 		.4byte	0x505
 700 038b 09010000 		.4byte	.LLST2
 701 038f 12       		.uleb128 0x12
 702 0390 20000000 		.4byte	.LVL2
 703 0394 60050000 		.4byte	0x560
 704 0398 A2030000 		.4byte	0x3a2
 705 039c 13       		.uleb128 0x13
 706 039d 01       		.uleb128 0x1
 707 039e 50       		.byte	0x50
 708 039f 01       		.uleb128 0x1
 709 03a0 30       		.byte	0x30
 710 03a1 00       		.byte	0
 711 03a2 14       		.uleb128 0x14
 712 03a3 2A000000 		.4byte	.LVL3
 713 03a7 6C050000 		.4byte	0x56c
 714 03ab 12       		.uleb128 0x12
 715 03ac 32000000 		.4byte	.LVL4
 716 03b0 77050000 		.4byte	0x577
 717 03b4 C3030000 		.4byte	0x3c3
 718 03b8 13       		.uleb128 0x13
 719 03b9 01       		.uleb128 0x1
 720 03ba 50       		.byte	0x50
 721 03bb 01       		.uleb128 0x1
 722 03bc 34       		.byte	0x34
 723 03bd 13       		.uleb128 0x13
 724 03be 01       		.uleb128 0x1
 725 03bf 51       		.byte	0x51
 726 03c0 01       		.uleb128 0x1
 727 03c1 30       		.byte	0x30
 728 03c2 00       		.byte	0
 729 03c3 12       		.uleb128 0x12
 730 03c4 38000000 		.4byte	.LVL5
 731 03c8 82050000 		.4byte	0x582
 732 03cc DA030000 		.4byte	0x3da
 733 03d0 13       		.uleb128 0x13
ARM GAS  C:\Users\ANTONI~1\AppData\Local\Temp\ccMf7uB7.s 			page 16


 734 03d1 01       		.uleb128 0x1
 735 03d2 50       		.byte	0x50
 736 03d3 05       		.uleb128 0x5
 737 03d4 03       		.byte	0x3
 738 03d5 00000000 		.4byte	.LC1
 739 03d9 00       		.byte	0
 740 03da 12       		.uleb128 0x12
 741 03db 40000000 		.4byte	.LVL6
 742 03df 77050000 		.4byte	0x577
 743 03e3 F2030000 		.4byte	0x3f2
 744 03e7 13       		.uleb128 0x13
 745 03e8 01       		.uleb128 0x1
 746 03e9 50       		.byte	0x50
 747 03ea 01       		.uleb128 0x1
 748 03eb 31       		.byte	0x31
 749 03ec 13       		.uleb128 0x13
 750 03ed 01       		.uleb128 0x1
 751 03ee 51       		.byte	0x51
 752 03ef 01       		.uleb128 0x1
 753 03f0 31       		.byte	0x31
 754 03f1 00       		.byte	0
 755 03f2 12       		.uleb128 0x12
 756 03f3 46000000 		.4byte	.LVL7
 757 03f7 82050000 		.4byte	0x582
 758 03fb 09040000 		.4byte	0x409
 759 03ff 13       		.uleb128 0x13
 760 0400 01       		.uleb128 0x1
 761 0401 50       		.byte	0x50
 762 0402 05       		.uleb128 0x5
 763 0403 03       		.byte	0x3
 764 0404 0C000000 		.4byte	.LC3
 765 0408 00       		.byte	0
 766 0409 12       		.uleb128 0x12
 767 040a 50000000 		.4byte	.LVL10
 768 040e 8D050000 		.4byte	0x58d
 769 0412 25040000 		.4byte	0x425
 770 0416 13       		.uleb128 0x13
 771 0417 01       		.uleb128 0x1
 772 0418 50       		.byte	0x50
 773 0419 05       		.uleb128 0x5
 774 041a 03       		.byte	0x3
 775 041b 00000000 		.4byte	connectionHandle
 776 041f 13       		.uleb128 0x13
 777 0420 01       		.uleb128 0x1
 778 0421 52       		.byte	0x52
 779 0422 01       		.uleb128 0x1
 780 0423 32       		.byte	0x32
 781 0424 00       		.byte	0
 782 0425 14       		.uleb128 0x14
 783 0426 5A000000 		.4byte	.LVL11
 784 042a 6C050000 		.4byte	0x56c
 785 042e 12       		.uleb128 0x12
 786 042f 62000000 		.4byte	.LVL12
 787 0433 77050000 		.4byte	0x577
 788 0437 46040000 		.4byte	0x446
 789 043b 13       		.uleb128 0x13
 790 043c 01       		.uleb128 0x1
ARM GAS  C:\Users\ANTONI~1\AppData\Local\Temp\ccMf7uB7.s 			page 17


 791 043d 50       		.byte	0x50
 792 043e 01       		.uleb128 0x1
 793 043f 34       		.byte	0x34
 794 0440 13       		.uleb128 0x13
 795 0441 01       		.uleb128 0x1
 796 0442 51       		.byte	0x51
 797 0443 01       		.uleb128 0x1
 798 0444 30       		.byte	0x30
 799 0445 00       		.byte	0
 800 0446 12       		.uleb128 0x12
 801 0447 68000000 		.4byte	.LVL13
 802 044b 82050000 		.4byte	0x582
 803 044f 5D040000 		.4byte	0x45d
 804 0453 13       		.uleb128 0x13
 805 0454 01       		.uleb128 0x1
 806 0455 50       		.byte	0x50
 807 0456 05       		.uleb128 0x5
 808 0457 03       		.byte	0x3
 809 0458 00000000 		.4byte	.LC1
 810 045c 00       		.byte	0
 811 045d 12       		.uleb128 0x12
 812 045e 70000000 		.4byte	.LVL14
 813 0462 77050000 		.4byte	0x577
 814 0466 75040000 		.4byte	0x475
 815 046a 13       		.uleb128 0x13
 816 046b 01       		.uleb128 0x1
 817 046c 50       		.byte	0x50
 818 046d 01       		.uleb128 0x1
 819 046e 32       		.byte	0x32
 820 046f 13       		.uleb128 0x13
 821 0470 01       		.uleb128 0x1
 822 0471 51       		.byte	0x51
 823 0472 01       		.uleb128 0x1
 824 0473 31       		.byte	0x31
 825 0474 00       		.byte	0
 826 0475 12       		.uleb128 0x12
 827 0476 76000000 		.4byte	.LVL15
 828 047a 82050000 		.4byte	0x582
 829 047e 8C040000 		.4byte	0x48c
 830 0482 13       		.uleb128 0x13
 831 0483 01       		.uleb128 0x1
 832 0484 50       		.byte	0x50
 833 0485 05       		.uleb128 0x5
 834 0486 03       		.byte	0x3
 835 0487 1C000000 		.4byte	.LC6
 836 048b 00       		.byte	0
 837 048c 12       		.uleb128 0x12
 838 048d 8C000000 		.4byte	.LVL19
 839 0491 96050000 		.4byte	0x596
 840 0495 AB040000 		.4byte	0x4ab
 841 0499 13       		.uleb128 0x13
 842 049a 01       		.uleb128 0x1
 843 049b 50       		.byte	0x50
 844 049c 02       		.uleb128 0x2
 845 049d 74       		.byte	0x74
 846 049e 04       		.sleb128 4
 847 049f 13       		.uleb128 0x13
ARM GAS  C:\Users\ANTONI~1\AppData\Local\Temp\ccMf7uB7.s 			page 18


 848 04a0 01       		.uleb128 0x1
 849 04a1 51       		.byte	0x51
 850 04a2 01       		.uleb128 0x1
 851 04a3 30       		.byte	0x30
 852 04a4 13       		.uleb128 0x13
 853 04a5 01       		.uleb128 0x1
 854 04a6 52       		.byte	0x52
 855 04a7 02       		.uleb128 0x2
 856 04a8 75       		.byte	0x75
 857 04a9 00       		.sleb128 0
 858 04aa 00       		.byte	0
 859 04ab 14       		.uleb128 0x14
 860 04ac A0000000 		.4byte	.LVL20
 861 04b0 A2050000 		.4byte	0x5a2
 862 04b4 12       		.uleb128 0x12
 863 04b5 B4000000 		.4byte	.LVL24
 864 04b9 96050000 		.4byte	0x596
 865 04bd D3040000 		.4byte	0x4d3
 866 04c1 13       		.uleb128 0x13
 867 04c2 01       		.uleb128 0x1
 868 04c3 50       		.byte	0x50
 869 04c4 02       		.uleb128 0x2
 870 04c5 74       		.byte	0x74
 871 04c6 04       		.sleb128 4
 872 04c7 13       		.uleb128 0x13
 873 04c8 01       		.uleb128 0x1
 874 04c9 51       		.byte	0x51
 875 04ca 01       		.uleb128 0x1
 876 04cb 30       		.byte	0x30
 877 04cc 13       		.uleb128 0x13
 878 04cd 01       		.uleb128 0x1
 879 04ce 52       		.byte	0x52
 880 04cf 02       		.uleb128 0x2
 881 04d0 75       		.byte	0x75
 882 04d1 00       		.sleb128 0
 883 04d2 00       		.byte	0
 884 04d3 14       		.uleb128 0x14
 885 04d4 C8000000 		.4byte	.LVL25
 886 04d8 A2050000 		.4byte	0x5a2
 887 04dc 12       		.uleb128 0x12
 888 04dd DC000000 		.4byte	.LVL29
 889 04e1 96050000 		.4byte	0x596
 890 04e5 FB040000 		.4byte	0x4fb
 891 04e9 13       		.uleb128 0x13
 892 04ea 01       		.uleb128 0x1
 893 04eb 50       		.byte	0x50
 894 04ec 02       		.uleb128 0x2
 895 04ed 74       		.byte	0x74
 896 04ee 04       		.sleb128 4
 897 04ef 13       		.uleb128 0x13
 898 04f0 01       		.uleb128 0x1
 899 04f1 51       		.byte	0x51
 900 04f2 01       		.uleb128 0x1
 901 04f3 30       		.byte	0x30
 902 04f4 13       		.uleb128 0x13
 903 04f5 01       		.uleb128 0x1
 904 04f6 52       		.byte	0x52
ARM GAS  C:\Users\ANTONI~1\AppData\Local\Temp\ccMf7uB7.s 			page 19


 905 04f7 02       		.uleb128 0x2
 906 04f8 75       		.byte	0x75
 907 04f9 00       		.sleb128 0
 908 04fa 00       		.byte	0
 909 04fb 14       		.uleb128 0x14
 910 04fc F0000000 		.4byte	.LVL30
 911 0500 A2050000 		.4byte	0x5a2
 912 0504 00       		.byte	0
 913 0505 06       		.uleb128 0x6
 914 0506 04       		.byte	0x4
 915 0507 42030000 		.4byte	0x342
 916 050b 15       		.uleb128 0x15
 917 050c 89040000 		.4byte	.LASF103
 918 0510 01       		.byte	0x1
 919 0511 13       		.byte	0x13
 920 0512 6B000000 		.4byte	0x6b
 921 0516 05       		.uleb128 0x5
 922 0517 03       		.byte	0x3
 923 0518 00000000 		.4byte	startNotificationHumidity
 924 051c 15       		.uleb128 0x15
 925 051d 9F000000 		.4byte	.LASF104
 926 0521 01       		.byte	0x1
 927 0522 14       		.byte	0x14
 928 0523 6B000000 		.4byte	0x6b
 929 0527 05       		.uleb128 0x5
 930 0528 03       		.byte	0x3
 931 0529 00000000 		.4byte	startNotificationTemperature
 932 052d 15       		.uleb128 0x15
 933 052e AF090000 		.4byte	.LASF105
 934 0532 01       		.byte	0x1
 935 0533 15       		.byte	0x15
 936 0534 6B000000 		.4byte	0x6b
 937 0538 05       		.uleb128 0x5
 938 0539 03       		.byte	0x3
 939 053a 00000000 		.4byte	startNotificationProximity
 940 053e 15       		.uleb128 0x15
 941 053f 31060000 		.4byte	.LASF106
 942 0543 01       		.byte	0x1
 943 0544 16       		.byte	0x16
 944 0545 6B000000 		.4byte	0x6b
 945 0549 05       		.uleb128 0x5
 946 054a 03       		.byte	0x3
 947 054b 00000000 		.4byte	deviceConnected
 948 054f 15       		.uleb128 0x15
 949 0550 260B0000 		.4byte	.LASF107
 950 0554 01       		.byte	0x1
 951 0555 18       		.byte	0x18
 952 0556 A8020000 		.4byte	0x2a8
 953 055a 05       		.uleb128 0x5
 954 055b 03       		.byte	0x3
 955 055c 00000000 		.4byte	connectionHandle
 956 0560 16       		.uleb128 0x16
 957 0561 8E050000 		.4byte	.LASF108
 958 0565 8E050000 		.4byte	.LASF108
 959 0569 05       		.byte	0x5
 960 056a 8202     		.2byte	0x282
 961 056c 17       		.uleb128 0x17
ARM GAS  C:\Users\ANTONI~1\AppData\Local\Temp\ccMf7uB7.s 			page 20


 962 056d 9A020000 		.4byte	.LASF109
 963 0571 9A020000 		.4byte	.LASF109
 964 0575 06       		.byte	0x6
 965 0576 54       		.byte	0x54
 966 0577 17       		.uleb128 0x17
 967 0578 D5060000 		.4byte	.LASF110
 968 057c D5060000 		.4byte	.LASF110
 969 0580 06       		.byte	0x6
 970 0581 88       		.byte	0x88
 971 0582 17       		.uleb128 0x17
 972 0583 D1070000 		.4byte	.LASF111
 973 0587 D1070000 		.4byte	.LASF111
 974 058b 06       		.byte	0x6
 975 058c 8B       		.byte	0x8b
 976 058d 18       		.uleb128 0x18
 977 058e 63010000 		.4byte	.LASF119
 978 0592 63010000 		.4byte	.LASF119
 979 0596 16       		.uleb128 0x16
 980 0597 2B010000 		.4byte	.LASF112
 981 059b 2B010000 		.4byte	.LASF112
 982 059f 07       		.byte	0x7
 983 05a0 8401     		.2byte	0x184
 984 05a2 16       		.uleb128 0x16
 985 05a3 FE050000 		.4byte	.LASF113
 986 05a7 FE050000 		.4byte	.LASF113
 987 05ab 04       		.byte	0x4
 988 05ac C201     		.2byte	0x1c2
 989 05ae 00       		.byte	0
 990              		.section	.debug_abbrev,"",%progbits
 991              	.Ldebug_abbrev0:
 992 0000 01       		.uleb128 0x1
 993 0001 11       		.uleb128 0x11
 994 0002 01       		.byte	0x1
 995 0003 25       		.uleb128 0x25
 996 0004 0E       		.uleb128 0xe
 997 0005 13       		.uleb128 0x13
 998 0006 0B       		.uleb128 0xb
 999 0007 03       		.uleb128 0x3
 1000 0008 0E       		.uleb128 0xe
 1001 0009 1B       		.uleb128 0x1b
 1002 000a 0E       		.uleb128 0xe
 1003 000b 55       		.uleb128 0x55
 1004 000c 17       		.uleb128 0x17
 1005 000d 11       		.uleb128 0x11
 1006 000e 01       		.uleb128 0x1
 1007 000f 10       		.uleb128 0x10
 1008 0010 17       		.uleb128 0x17
 1009 0011 00       		.byte	0
 1010 0012 00       		.byte	0
 1011 0013 02       		.uleb128 0x2
 1012 0014 24       		.uleb128 0x24
 1013 0015 00       		.byte	0
 1014 0016 0B       		.uleb128 0xb
 1015 0017 0B       		.uleb128 0xb
 1016 0018 3E       		.uleb128 0x3e
 1017 0019 0B       		.uleb128 0xb
 1018 001a 03       		.uleb128 0x3
ARM GAS  C:\Users\ANTONI~1\AppData\Local\Temp\ccMf7uB7.s 			page 21


 1019 001b 0E       		.uleb128 0xe
 1020 001c 00       		.byte	0
 1021 001d 00       		.byte	0
 1022 001e 03       		.uleb128 0x3
 1023 001f 24       		.uleb128 0x24
 1024 0020 00       		.byte	0
 1025 0021 0B       		.uleb128 0xb
 1026 0022 0B       		.uleb128 0xb
 1027 0023 3E       		.uleb128 0x3e
 1028 0024 0B       		.uleb128 0xb
 1029 0025 03       		.uleb128 0x3
 1030 0026 08       		.uleb128 0x8
 1031 0027 00       		.byte	0
 1032 0028 00       		.byte	0
 1033 0029 04       		.uleb128 0x4
 1034 002a 16       		.uleb128 0x16
 1035 002b 00       		.byte	0
 1036 002c 03       		.uleb128 0x3
 1037 002d 0E       		.uleb128 0xe
 1038 002e 3A       		.uleb128 0x3a
 1039 002f 0B       		.uleb128 0xb
 1040 0030 3B       		.uleb128 0x3b
 1041 0031 05       		.uleb128 0x5
 1042 0032 49       		.uleb128 0x49
 1043 0033 13       		.uleb128 0x13
 1044 0034 00       		.byte	0
 1045 0035 00       		.byte	0
 1046 0036 05       		.uleb128 0x5
 1047 0037 0F       		.uleb128 0xf
 1048 0038 00       		.byte	0
 1049 0039 0B       		.uleb128 0xb
 1050 003a 0B       		.uleb128 0xb
 1051 003b 00       		.byte	0
 1052 003c 00       		.byte	0
 1053 003d 06       		.uleb128 0x6
 1054 003e 0F       		.uleb128 0xf
 1055 003f 00       		.byte	0
 1056 0040 0B       		.uleb128 0xb
 1057 0041 0B       		.uleb128 0xb
 1058 0042 49       		.uleb128 0x49
 1059 0043 13       		.uleb128 0x13
 1060 0044 00       		.byte	0
 1061 0045 00       		.byte	0
 1062 0046 07       		.uleb128 0x7
 1063 0047 04       		.uleb128 0x4
 1064 0048 01       		.byte	0x1
 1065 0049 0B       		.uleb128 0xb
 1066 004a 0B       		.uleb128 0xb
 1067 004b 49       		.uleb128 0x49
 1068 004c 13       		.uleb128 0x13
 1069 004d 3A       		.uleb128 0x3a
 1070 004e 0B       		.uleb128 0xb
 1071 004f 3B       		.uleb128 0x3b
 1072 0050 05       		.uleb128 0x5
 1073 0051 01       		.uleb128 0x1
 1074 0052 13       		.uleb128 0x13
 1075 0053 00       		.byte	0
ARM GAS  C:\Users\ANTONI~1\AppData\Local\Temp\ccMf7uB7.s 			page 22


 1076 0054 00       		.byte	0
 1077 0055 08       		.uleb128 0x8
 1078 0056 28       		.uleb128 0x28
 1079 0057 00       		.byte	0
 1080 0058 03       		.uleb128 0x3
 1081 0059 0E       		.uleb128 0xe
 1082 005a 1C       		.uleb128 0x1c
 1083 005b 0B       		.uleb128 0xb
 1084 005c 00       		.byte	0
 1085 005d 00       		.byte	0
 1086 005e 09       		.uleb128 0x9
 1087 005f 13       		.uleb128 0x13
 1088 0060 01       		.byte	0x1
 1089 0061 0B       		.uleb128 0xb
 1090 0062 0B       		.uleb128 0xb
 1091 0063 3A       		.uleb128 0x3a
 1092 0064 0B       		.uleb128 0xb
 1093 0065 3B       		.uleb128 0x3b
 1094 0066 05       		.uleb128 0x5
 1095 0067 01       		.uleb128 0x1
 1096 0068 13       		.uleb128 0x13
 1097 0069 00       		.byte	0
 1098 006a 00       		.byte	0
 1099 006b 0A       		.uleb128 0xa
 1100 006c 0D       		.uleb128 0xd
 1101 006d 00       		.byte	0
 1102 006e 03       		.uleb128 0x3
 1103 006f 0E       		.uleb128 0xe
 1104 0070 3A       		.uleb128 0x3a
 1105 0071 0B       		.uleb128 0xb
 1106 0072 3B       		.uleb128 0x3b
 1107 0073 05       		.uleb128 0x5
 1108 0074 49       		.uleb128 0x49
 1109 0075 13       		.uleb128 0x13
 1110 0076 38       		.uleb128 0x38
 1111 0077 0B       		.uleb128 0xb
 1112 0078 00       		.byte	0
 1113 0079 00       		.byte	0
 1114 007a 0B       		.uleb128 0xb
 1115 007b 0D       		.uleb128 0xd
 1116 007c 00       		.byte	0
 1117 007d 03       		.uleb128 0x3
 1118 007e 08       		.uleb128 0x8
 1119 007f 3A       		.uleb128 0x3a
 1120 0080 0B       		.uleb128 0xb
 1121 0081 3B       		.uleb128 0x3b
 1122 0082 05       		.uleb128 0x5
 1123 0083 49       		.uleb128 0x49
 1124 0084 13       		.uleb128 0x13
 1125 0085 38       		.uleb128 0x38
 1126 0086 0B       		.uleb128 0xb
 1127 0087 00       		.byte	0
 1128 0088 00       		.byte	0
 1129 0089 0C       		.uleb128 0xc
 1130 008a 13       		.uleb128 0x13
 1131 008b 01       		.byte	0x1
 1132 008c 0B       		.uleb128 0xb
ARM GAS  C:\Users\ANTONI~1\AppData\Local\Temp\ccMf7uB7.s 			page 23


 1133 008d 0B       		.uleb128 0xb
 1134 008e 3A       		.uleb128 0x3a
 1135 008f 0B       		.uleb128 0xb
 1136 0090 3B       		.uleb128 0x3b
 1137 0091 0B       		.uleb128 0xb
 1138 0092 01       		.uleb128 0x1
 1139 0093 13       		.uleb128 0x13
 1140 0094 00       		.byte	0
 1141 0095 00       		.byte	0
 1142 0096 0D       		.uleb128 0xd
 1143 0097 0D       		.uleb128 0xd
 1144 0098 00       		.byte	0
 1145 0099 03       		.uleb128 0x3
 1146 009a 0E       		.uleb128 0xe
 1147 009b 3A       		.uleb128 0x3a
 1148 009c 0B       		.uleb128 0xb
 1149 009d 3B       		.uleb128 0x3b
 1150 009e 0B       		.uleb128 0xb
 1151 009f 49       		.uleb128 0x49
 1152 00a0 13       		.uleb128 0x13
 1153 00a1 38       		.uleb128 0x38
 1154 00a2 0B       		.uleb128 0xb
 1155 00a3 00       		.byte	0
 1156 00a4 00       		.byte	0
 1157 00a5 0E       		.uleb128 0xe
 1158 00a6 16       		.uleb128 0x16
 1159 00a7 00       		.byte	0
 1160 00a8 03       		.uleb128 0x3
 1161 00a9 0E       		.uleb128 0xe
 1162 00aa 3A       		.uleb128 0x3a
 1163 00ab 0B       		.uleb128 0xb
 1164 00ac 3B       		.uleb128 0x3b
 1165 00ad 0B       		.uleb128 0xb
 1166 00ae 49       		.uleb128 0x49
 1167 00af 13       		.uleb128 0x13
 1168 00b0 00       		.byte	0
 1169 00b1 00       		.byte	0
 1170 00b2 0F       		.uleb128 0xf
 1171 00b3 2E       		.uleb128 0x2e
 1172 00b4 01       		.byte	0x1
 1173 00b5 3F       		.uleb128 0x3f
 1174 00b6 19       		.uleb128 0x19
 1175 00b7 03       		.uleb128 0x3
 1176 00b8 0E       		.uleb128 0xe
 1177 00b9 3A       		.uleb128 0x3a
 1178 00ba 0B       		.uleb128 0xb
 1179 00bb 3B       		.uleb128 0x3b
 1180 00bc 0B       		.uleb128 0xb
 1181 00bd 27       		.uleb128 0x27
 1182 00be 19       		.uleb128 0x19
 1183 00bf 11       		.uleb128 0x11
 1184 00c0 01       		.uleb128 0x1
 1185 00c1 12       		.uleb128 0x12
 1186 00c2 06       		.uleb128 0x6
 1187 00c3 40       		.uleb128 0x40
 1188 00c4 18       		.uleb128 0x18
 1189 00c5 9742     		.uleb128 0x2117
ARM GAS  C:\Users\ANTONI~1\AppData\Local\Temp\ccMf7uB7.s 			page 24


 1190 00c7 19       		.uleb128 0x19
 1191 00c8 01       		.uleb128 0x1
 1192 00c9 13       		.uleb128 0x13
 1193 00ca 00       		.byte	0
 1194 00cb 00       		.byte	0
 1195 00cc 10       		.uleb128 0x10
 1196 00cd 05       		.uleb128 0x5
 1197 00ce 00       		.byte	0
 1198 00cf 03       		.uleb128 0x3
 1199 00d0 0E       		.uleb128 0xe
 1200 00d1 3A       		.uleb128 0x3a
 1201 00d2 0B       		.uleb128 0xb
 1202 00d3 3B       		.uleb128 0x3b
 1203 00d4 0B       		.uleb128 0xb
 1204 00d5 49       		.uleb128 0x49
 1205 00d6 13       		.uleb128 0x13
 1206 00d7 02       		.uleb128 0x2
 1207 00d8 17       		.uleb128 0x17
 1208 00d9 00       		.byte	0
 1209 00da 00       		.byte	0
 1210 00db 11       		.uleb128 0x11
 1211 00dc 34       		.uleb128 0x34
 1212 00dd 00       		.byte	0
 1213 00de 03       		.uleb128 0x3
 1214 00df 0E       		.uleb128 0xe
 1215 00e0 3A       		.uleb128 0x3a
 1216 00e1 0B       		.uleb128 0xb
 1217 00e2 3B       		.uleb128 0x3b
 1218 00e3 0B       		.uleb128 0xb
 1219 00e4 49       		.uleb128 0x49
 1220 00e5 13       		.uleb128 0x13
 1221 00e6 02       		.uleb128 0x2
 1222 00e7 17       		.uleb128 0x17
 1223 00e8 00       		.byte	0
 1224 00e9 00       		.byte	0
 1225 00ea 12       		.uleb128 0x12
 1226 00eb 898201   		.uleb128 0x4109
 1227 00ee 01       		.byte	0x1
 1228 00ef 11       		.uleb128 0x11
 1229 00f0 01       		.uleb128 0x1
 1230 00f1 31       		.uleb128 0x31
 1231 00f2 13       		.uleb128 0x13
 1232 00f3 01       		.uleb128 0x1
 1233 00f4 13       		.uleb128 0x13
 1234 00f5 00       		.byte	0
 1235 00f6 00       		.byte	0
 1236 00f7 13       		.uleb128 0x13
 1237 00f8 8A8201   		.uleb128 0x410a
 1238 00fb 00       		.byte	0
 1239 00fc 02       		.uleb128 0x2
 1240 00fd 18       		.uleb128 0x18
 1241 00fe 9142     		.uleb128 0x2111
 1242 0100 18       		.uleb128 0x18
 1243 0101 00       		.byte	0
 1244 0102 00       		.byte	0
 1245 0103 14       		.uleb128 0x14
 1246 0104 898201   		.uleb128 0x4109
ARM GAS  C:\Users\ANTONI~1\AppData\Local\Temp\ccMf7uB7.s 			page 25


 1247 0107 00       		.byte	0
 1248 0108 11       		.uleb128 0x11
 1249 0109 01       		.uleb128 0x1
 1250 010a 31       		.uleb128 0x31
 1251 010b 13       		.uleb128 0x13
 1252 010c 00       		.byte	0
 1253 010d 00       		.byte	0
 1254 010e 15       		.uleb128 0x15
 1255 010f 34       		.uleb128 0x34
 1256 0110 00       		.byte	0
 1257 0111 03       		.uleb128 0x3
 1258 0112 0E       		.uleb128 0xe
 1259 0113 3A       		.uleb128 0x3a
 1260 0114 0B       		.uleb128 0xb
 1261 0115 3B       		.uleb128 0x3b
 1262 0116 0B       		.uleb128 0xb
 1263 0117 49       		.uleb128 0x49
 1264 0118 13       		.uleb128 0x13
 1265 0119 3F       		.uleb128 0x3f
 1266 011a 19       		.uleb128 0x19
 1267 011b 02       		.uleb128 0x2
 1268 011c 18       		.uleb128 0x18
 1269 011d 00       		.byte	0
 1270 011e 00       		.byte	0
 1271 011f 16       		.uleb128 0x16
 1272 0120 2E       		.uleb128 0x2e
 1273 0121 00       		.byte	0
 1274 0122 3F       		.uleb128 0x3f
 1275 0123 19       		.uleb128 0x19
 1276 0124 3C       		.uleb128 0x3c
 1277 0125 19       		.uleb128 0x19
 1278 0126 6E       		.uleb128 0x6e
 1279 0127 0E       		.uleb128 0xe
 1280 0128 03       		.uleb128 0x3
 1281 0129 0E       		.uleb128 0xe
 1282 012a 3A       		.uleb128 0x3a
 1283 012b 0B       		.uleb128 0xb
 1284 012c 3B       		.uleb128 0x3b
 1285 012d 05       		.uleb128 0x5
 1286 012e 00       		.byte	0
 1287 012f 00       		.byte	0
 1288 0130 17       		.uleb128 0x17
 1289 0131 2E       		.uleb128 0x2e
 1290 0132 00       		.byte	0
 1291 0133 3F       		.uleb128 0x3f
 1292 0134 19       		.uleb128 0x19
 1293 0135 3C       		.uleb128 0x3c
 1294 0136 19       		.uleb128 0x19
 1295 0137 6E       		.uleb128 0x6e
 1296 0138 0E       		.uleb128 0xe
 1297 0139 03       		.uleb128 0x3
 1298 013a 0E       		.uleb128 0xe
 1299 013b 3A       		.uleb128 0x3a
 1300 013c 0B       		.uleb128 0xb
 1301 013d 3B       		.uleb128 0x3b
 1302 013e 0B       		.uleb128 0xb
 1303 013f 00       		.byte	0
ARM GAS  C:\Users\ANTONI~1\AppData\Local\Temp\ccMf7uB7.s 			page 26


 1304 0140 00       		.byte	0
 1305 0141 18       		.uleb128 0x18
 1306 0142 2E       		.uleb128 0x2e
 1307 0143 00       		.byte	0
 1308 0144 3F       		.uleb128 0x3f
 1309 0145 19       		.uleb128 0x19
 1310 0146 3C       		.uleb128 0x3c
 1311 0147 19       		.uleb128 0x19
 1312 0148 6E       		.uleb128 0x6e
 1313 0149 0E       		.uleb128 0xe
 1314 014a 03       		.uleb128 0x3
 1315 014b 0E       		.uleb128 0xe
 1316 014c 00       		.byte	0
 1317 014d 00       		.byte	0
 1318 014e 00       		.byte	0
 1319              		.section	.debug_loc,"",%progbits
 1320              	.Ldebug_loc0:
 1321              	.LLST0:
 1322 0000 00000000 		.4byte	.LVL0
 1323 0004 1C000000 		.4byte	.LVL1
 1324 0008 0100     		.2byte	0x1
 1325 000a 50       		.byte	0x50
 1326 000b 1C000000 		.4byte	.LVL1
 1327 000f 48000000 		.4byte	.LVL8
 1328 0013 0400     		.2byte	0x4
 1329 0015 F3       		.byte	0xf3
 1330 0016 01       		.uleb128 0x1
 1331 0017 50       		.byte	0x50
 1332 0018 9F       		.byte	0x9f
 1333 0019 48000000 		.4byte	.LVL8
 1334 001d 4C000000 		.4byte	.LVL9
 1335 0021 0100     		.2byte	0x1
 1336 0023 50       		.byte	0x50
 1337 0024 4C000000 		.4byte	.LVL9
 1338 0028 78000000 		.4byte	.LVL16
 1339 002c 0400     		.2byte	0x4
 1340 002e F3       		.byte	0xf3
 1341 002f 01       		.uleb128 0x1
 1342 0030 50       		.byte	0x50
 1343 0031 9F       		.byte	0x9f
 1344 0032 78000000 		.4byte	.LVL16
 1345 0036 82000000 		.4byte	.LVL17
 1346 003a 0100     		.2byte	0x1
 1347 003c 50       		.byte	0x50
 1348 003d 82000000 		.4byte	.LVL17
 1349 0041 A2000000 		.4byte	.LVL21
 1350 0045 0400     		.2byte	0x4
 1351 0047 F3       		.byte	0xf3
 1352 0048 01       		.uleb128 0x1
 1353 0049 50       		.byte	0x50
 1354 004a 9F       		.byte	0x9f
 1355 004b A2000000 		.4byte	.LVL21
 1356 004f AA000000 		.4byte	.LVL22
 1357 0053 0100     		.2byte	0x1
 1358 0055 50       		.byte	0x50
 1359 0056 AA000000 		.4byte	.LVL22
 1360 005a CA000000 		.4byte	.LVL26
ARM GAS  C:\Users\ANTONI~1\AppData\Local\Temp\ccMf7uB7.s 			page 27


 1361 005e 0400     		.2byte	0x4
 1362 0060 F3       		.byte	0xf3
 1363 0061 01       		.uleb128 0x1
 1364 0062 50       		.byte	0x50
 1365 0063 9F       		.byte	0x9f
 1366 0064 CA000000 		.4byte	.LVL26
 1367 0068 D2000000 		.4byte	.LVL27
 1368 006c 0100     		.2byte	0x1
 1369 006e 50       		.byte	0x50
 1370 006f D2000000 		.4byte	.LVL27
 1371 0073 14010000 		.4byte	.LFE35
 1372 0077 0400     		.2byte	0x4
 1373 0079 F3       		.byte	0xf3
 1374 007a 01       		.uleb128 0x1
 1375 007b 50       		.byte	0x50
 1376 007c 9F       		.byte	0x9f
 1377 007d 00000000 		.4byte	0
 1378 0081 00000000 		.4byte	0
 1379              	.LLST1:
 1380 0085 00000000 		.4byte	.LVL0
 1381 0089 1F000000 		.4byte	.LVL2-1
 1382 008d 0100     		.2byte	0x1
 1383 008f 51       		.byte	0x51
 1384 0090 1F000000 		.4byte	.LVL2-1
 1385 0094 48000000 		.4byte	.LVL8
 1386 0098 0100     		.2byte	0x1
 1387 009a 54       		.byte	0x54
 1388 009b 48000000 		.4byte	.LVL8
 1389 009f 4F000000 		.4byte	.LVL10-1
 1390 00a3 0100     		.2byte	0x1
 1391 00a5 51       		.byte	0x51
 1392 00a6 4F000000 		.4byte	.LVL10-1
 1393 00aa 78000000 		.4byte	.LVL16
 1394 00ae 0100     		.2byte	0x1
 1395 00b0 54       		.byte	0x54
 1396 00b1 78000000 		.4byte	.LVL16
 1397 00b5 88000000 		.4byte	.LVL18
 1398 00b9 0100     		.2byte	0x1
 1399 00bb 51       		.byte	0x51
 1400 00bc 88000000 		.4byte	.LVL18
 1401 00c0 A2000000 		.4byte	.LVL21
 1402 00c4 0100     		.2byte	0x1
 1403 00c6 54       		.byte	0x54
 1404 00c7 A2000000 		.4byte	.LVL21
 1405 00cb B0000000 		.4byte	.LVL23
 1406 00cf 0100     		.2byte	0x1
 1407 00d1 51       		.byte	0x51
 1408 00d2 B0000000 		.4byte	.LVL23
 1409 00d6 CA000000 		.4byte	.LVL26
 1410 00da 0100     		.2byte	0x1
 1411 00dc 54       		.byte	0x54
 1412 00dd CA000000 		.4byte	.LVL26
 1413 00e1 D8000000 		.4byte	.LVL28
 1414 00e5 0100     		.2byte	0x1
 1415 00e7 51       		.byte	0x51
 1416 00e8 D8000000 		.4byte	.LVL28
 1417 00ec F0000000 		.4byte	.LVL31
ARM GAS  C:\Users\ANTONI~1\AppData\Local\Temp\ccMf7uB7.s 			page 28


 1418 00f0 0100     		.2byte	0x1
 1419 00f2 54       		.byte	0x54
 1420 00f3 F0000000 		.4byte	.LVL31
 1421 00f7 14010000 		.4byte	.LFE35
 1422 00fb 0400     		.2byte	0x4
 1423 00fd F3       		.byte	0xf3
 1424 00fe 01       		.uleb128 0x1
 1425 00ff 51       		.byte	0x51
 1426 0100 9F       		.byte	0x9f
 1427 0101 00000000 		.4byte	0
 1428 0105 00000000 		.4byte	0
 1429              	.LLST2:
 1430 0109 78000000 		.4byte	.LVL16
 1431 010d 88000000 		.4byte	.LVL18
 1432 0111 0100     		.2byte	0x1
 1433 0113 51       		.byte	0x51
 1434 0114 88000000 		.4byte	.LVL18
 1435 0118 A2000000 		.4byte	.LVL21
 1436 011c 0100     		.2byte	0x1
 1437 011e 54       		.byte	0x54
 1438 011f A2000000 		.4byte	.LVL21
 1439 0123 B0000000 		.4byte	.LVL23
 1440 0127 0100     		.2byte	0x1
 1441 0129 51       		.byte	0x51
 1442 012a B0000000 		.4byte	.LVL23
 1443 012e CA000000 		.4byte	.LVL26
 1444 0132 0100     		.2byte	0x1
 1445 0134 54       		.byte	0x54
 1446 0135 CA000000 		.4byte	.LVL26
 1447 0139 D8000000 		.4byte	.LVL28
 1448 013d 0100     		.2byte	0x1
 1449 013f 51       		.byte	0x51
 1450 0140 D8000000 		.4byte	.LVL28
 1451 0144 F0000000 		.4byte	.LVL30
 1452 0148 0100     		.2byte	0x1
 1453 014a 54       		.byte	0x54
 1454 014b 00000000 		.4byte	0
 1455 014f 00000000 		.4byte	0
 1456              		.section	.debug_aranges,"",%progbits
 1457 0000 1C000000 		.4byte	0x1c
 1458 0004 0200     		.2byte	0x2
 1459 0006 00000000 		.4byte	.Ldebug_info0
 1460 000a 04       		.byte	0x4
 1461 000b 00       		.byte	0
 1462 000c 0000     		.2byte	0
 1463 000e 0000     		.2byte	0
 1464 0010 00000000 		.4byte	.LFB35
 1465 0014 14010000 		.4byte	.LFE35-.LFB35
 1466 0018 00000000 		.4byte	0
 1467 001c 00000000 		.4byte	0
 1468              		.section	.debug_ranges,"",%progbits
 1469              	.Ldebug_ranges0:
 1470 0000 00000000 		.4byte	.LFB35
 1471 0004 14010000 		.4byte	.LFE35
 1472 0008 00000000 		.4byte	0
 1473 000c 00000000 		.4byte	0
 1474              		.section	.debug_line,"",%progbits
ARM GAS  C:\Users\ANTONI~1\AppData\Local\Temp\ccMf7uB7.s 			page 29


 1475              	.Ldebug_line0:
 1476 0000 ED000000 		.section	.debug_str,"MS",%progbits,1
 1476      0200B400 
 1476      00000201 
 1476      FB0E0D00 
 1476      01010101 
 1477              	.LASF16:
 1478 0000 6C6F6E67 		.ascii	"long double\000"
 1478      20646F75 
 1478      626C6500 
 1479              	.LASF26:
 1480 000c 4359424C 		.ascii	"CYBLE_EVT_GAP_PASSKEY_ENTRY_REQUEST\000"
 1480      455F4556 
 1480      545F4741 
 1480      505F5041 
 1480      53534B45 
 1481              	.LASF61:
 1482 0030 4359424C 		.ascii	"CYBLE_EVT_GATTC_WRITE_RSP\000"
 1482      455F4556 
 1482      545F4741 
 1482      5454435F 
 1482      57524954 
 1483              	.LASF23:
 1484 004a 4359424C 		.ascii	"CYBLE_EVT_MEMORY_REQUEST\000"
 1484      455F4556 
 1484      545F4D45 
 1484      4D4F5259 
 1484      5F524551 
 1485              	.LASF48:
 1486 0063 4359424C 		.ascii	"CYBLE_EVT_GATTC_ERROR_RSP\000"
 1486      455F4556 
 1486      545F4741 
 1486      5454435F 
 1486      4552524F 
 1487              	.LASF32:
 1488 007d 4359424C 		.ascii	"CYBLE_EVT_GAP_DEVICE_DISCONNECTED\000"
 1488      455F4556 
 1488      545F4741 
 1488      505F4445 
 1488      56494345 
 1489              	.LASF104:
 1490 009f 73746172 		.ascii	"startNotificationTemperature\000"
 1490      744E6F74 
 1490      69666963 
 1490      6174696F 
 1490      6E54656D 
 1491              	.LASF38:
 1492 00bc 4359424C 		.ascii	"CYBLE_EVT_GAP_KEYPRESS_NOTIFICATION\000"
 1492      455F4556 
 1492      545F4741 
 1492      505F4B45 
 1492      59505245 
 1493              	.LASF2:
 1494 00e0 73686F72 		.ascii	"short int\000"
 1494      7420696E 
 1494      7400
 1495              	.LASF29:
ARM GAS  C:\Users\ANTONI~1\AppData\Local\Temp\ccMf7uB7.s 			page 30


 1496 00ea 4359424C 		.ascii	"CYBLE_EVT_GAP_AUTH_FAILED\000"
 1496      455F4556 
 1496      545F4741 
 1496      505F4155 
 1496      54485F46 
 1497              	.LASF50:
 1498 0104 4359424C 		.ascii	"CYBLE_EVT_GATT_DISCONNECT_IND\000"
 1498      455F4556 
 1498      545F4741 
 1498      54545F44 
 1498      4953434F 
 1499              	.LASF15:
 1500 0122 73697A65 		.ascii	"sizetype\000"
 1500      74797065 
 1500      00
 1501              	.LASF112:
 1502 012b 4379426C 		.ascii	"CyBle_GattsWriteAttributeValue\000"
 1502      655F4761 
 1502      74747357 
 1502      72697465 
 1502      41747472 
 1503              	.LASF118:
 1504 014a 77725265 		.ascii	"wrReqParam\000"
 1504      71506172 
 1504      616D00
 1505              	.LASF6:
 1506 0155 6C6F6E67 		.ascii	"long long int\000"
 1506      206C6F6E 
 1506      6720696E 
 1506      7400
 1507              	.LASF119:
 1508 0163 6D656D63 		.ascii	"memcpy\000"
 1508      707900
 1509              	.LASF101:
 1510 016a 6576656E 		.ascii	"event\000"
 1510      7400
 1511              	.LASF21:
 1512 0170 4359424C 		.ascii	"CYBLE_EVT_HCI_STATUS\000"
 1512      455F4556 
 1512      545F4843 
 1512      495F5354 
 1512      41545553 
 1513              	.LASF54:
 1514 0185 4359424C 		.ascii	"CYBLE_EVT_GATTC_READ_BY_TYPE_RSP\000"
 1514      455F4556 
 1514      545F4741 
 1514      5454435F 
 1514      52454144 
 1515              	.LASF18:
 1516 01a6 4359424C 		.ascii	"CYBLE_EVT_STACK_ON\000"
 1516      455F4556 
 1516      545F5354 
 1516      41434B5F 
 1516      4F4E00
 1517              	.LASF47:
 1518 01b9 4359424C 		.ascii	"CYBLE_EVT_GAP_SMP_LOC_P256_KEYS_GEN_AND_SET_COMPLET"
 1518      455F4556 
ARM GAS  C:\Users\ANTONI~1\AppData\Local\Temp\ccMf7uB7.s 			page 31


 1518      545F4741 
 1518      505F534D 
 1518      505F4C4F 
 1519 01ec 4500     		.ascii	"E\000"
 1520              	.LASF51:
 1521 01ee 4359424C 		.ascii	"CYBLE_EVT_GATTS_XCNHG_MTU_REQ\000"
 1521      455F4556 
 1521      545F4741 
 1521      5454535F 
 1521      58434E48 
 1522              	.LASF114:
 1523 020c 474E5520 		.ascii	"GNU C11 5.4.1 20160609 (release) [ARM/embedded-5-br"
 1523      43313120 
 1523      352E342E 
 1523      31203230 
 1523      31363036 
 1524 023f 616E6368 		.ascii	"anch revision 237715] -mcpu=cortex-m0 -mthumb -g -O"
 1524      20726576 
 1524      6973696F 
 1524      6E203233 
 1524      37373135 
 1525 0272 67202D66 		.ascii	"g -ffunction-sections -ffat-lto-objects\000"
 1525      66756E63 
 1525      74696F6E 
 1525      2D736563 
 1525      74696F6E 
 1526              	.LASF109:
 1527 029a 636C6561 		.ascii	"clear\000"
 1527      7200
 1528              	.LASF40:
 1529 02a0 4359424C 		.ascii	"CYBLE_EVT_GAP_DATA_LENGTH_CHANGE\000"
 1529      455F4556 
 1529      545F4741 
 1529      505F4441 
 1529      54415F4C 
 1530              	.LASF59:
 1531 02c1 4359424C 		.ascii	"CYBLE_EVT_GATTC_READ_MULTI_RSP\000"
 1531      455F4556 
 1531      545F4741 
 1531      5454435F 
 1531      52454144 
 1532              	.LASF68:
 1533 02e0 4359424C 		.ascii	"CYBLE_EVT_GATTS_HANDLE_VALUE_CNF\000"
 1533      455F4556 
 1533      545F4741 
 1533      5454535F 
 1533      48414E44 
 1534              	.LASF17:
 1535 0301 4359424C 		.ascii	"CYBLE_EVT_HOST_INVALID\000"
 1535      455F4556 
 1535      545F484F 
 1535      53545F49 
 1535      4E56414C 
 1536              	.LASF76:
 1537 0318 4359424C 		.ascii	"CYBLE_EVT_L2CAP_CBFC_CONN_IND\000"
 1537      455F4556 
 1537      545F4C32 
ARM GAS  C:\Users\ANTONI~1\AppData\Local\Temp\ccMf7uB7.s 			page 32


 1537      4341505F 
 1537      43424643 
 1538              	.LASF116:
 1539 0336 433A5C55 		.ascii	"C:\\Users\\AntonioFrancisco\\Desktop\\TFG_Bluetooth"
 1539      73657273 
 1539      5C416E74 
 1539      6F6E696F 
 1539      4672616E 
 1540 0365 4C6F7745 		.ascii	"LowEnergy.cydsn\000"
 1540      6E657267 
 1540      792E6379 
 1540      64736E00 
 1541              	.LASF79:
 1542 0375 4359424C 		.ascii	"CYBLE_EVT_L2CAP_CBFC_DISCONN_CNF\000"
 1542      455F4556 
 1542      545F4C32 
 1542      4341505F 
 1542      43424643 
 1543              	.LASF90:
 1544 0396 62644861 		.ascii	"bdHandle\000"
 1544      6E646C65 
 1544      00
 1545              	.LASF12:
 1546 039f 666C6F61 		.ascii	"float\000"
 1546      7400
 1547              	.LASF57:
 1548 03a5 4359424C 		.ascii	"CYBLE_EVT_GATTC_READ_RSP\000"
 1548      455F4556 
 1548      545F4741 
 1548      5454435F 
 1548      52454144 
 1549              	.LASF37:
 1550 03be 4359424C 		.ascii	"CYBLE_EVT_GAP_NUMERIC_COMPARISON_REQUEST\000"
 1550      455F4556 
 1550      545F4741 
 1550      505F4E55 
 1550      4D455249 
 1551              	.LASF42:
 1552 03e7 4359424C 		.ascii	"CYBLE_EVT_GAPC_DIRECT_ADV_REPORT\000"
 1552      455F4556 
 1552      545F4741 
 1552      50435F44 
 1552      49524543 
 1553              	.LASF7:
 1554 0408 6C6F6E67 		.ascii	"long long unsigned int\000"
 1554      206C6F6E 
 1554      6720756E 
 1554      7369676E 
 1554      65642069 
 1555              	.LASF46:
 1556 041f 4359424C 		.ascii	"CYBLE_EVT_GAP_AUTH_REQ_REPLY_ERR\000"
 1556      455F4556 
 1556      545F4741 
 1556      505F4155 
 1556      54485F52 
 1557              	.LASF4:
 1558 0440 6C6F6E67 		.ascii	"long int\000"
ARM GAS  C:\Users\ANTONI~1\AppData\Local\Temp\ccMf7uB7.s 			page 33


 1558      20696E74 
 1558      00
 1559              	.LASF67:
 1560 0449 4359424C 		.ascii	"CYBLE_EVT_GATTC_HANDLE_VALUE_IND\000"
 1560      455F4556 
 1560      545F4741 
 1560      5454435F 
 1560      48414E44 
 1561              	.LASF31:
 1562 046a 4359424C 		.ascii	"CYBLE_EVT_GAP_DEVICE_CONNECTED\000"
 1562      455F4556 
 1562      545F4741 
 1562      505F4445 
 1562      56494345 
 1563              	.LASF103:
 1564 0489 73746172 		.ascii	"startNotificationHumidity\000"
 1564      744E6F74 
 1564      69666963 
 1564      6174696F 
 1564      6E48756D 
 1565              	.LASF30:
 1566 04a3 4359424C 		.ascii	"CYBLE_EVT_GAPP_ADVERTISEMENT_START_STOP\000"
 1566      455F4556 
 1566      545F4741 
 1566      50505F41 
 1566      44564552 
 1567              	.LASF66:
 1568 04cb 4359424C 		.ascii	"CYBLE_EVT_GATTC_HANDLE_VALUE_NTF\000"
 1568      455F4556 
 1568      545F4741 
 1568      5454435F 
 1568      48414E44 
 1569              	.LASF22:
 1570 04ec 4359424C 		.ascii	"CYBLE_EVT_STACK_BUSY_STATUS\000"
 1570      455F4556 
 1570      545F5354 
 1570      41434B5F 
 1570      42555359 
 1571              	.LASF100:
 1572 0508 4359424C 		.ascii	"CYBLE_GATTS_WRITE_REQ_PARAM_T\000"
 1572      455F4741 
 1572      5454535F 
 1572      57524954 
 1572      455F5245 
 1573              	.LASF27:
 1574 0526 4359424C 		.ascii	"CYBLE_EVT_GAP_PASSKEY_DISPLAY_REQUEST\000"
 1574      455F4556 
 1574      545F4741 
 1574      505F5041 
 1574      53534B45 
 1575              	.LASF77:
 1576 054c 4359424C 		.ascii	"CYBLE_EVT_L2CAP_CBFC_CONN_CNF\000"
 1576      455F4556 
 1576      545F4C32 
 1576      4341505F 
 1576      43424643 
 1577              	.LASF41:
ARM GAS  C:\Users\ANTONI~1\AppData\Local\Temp\ccMf7uB7.s 			page 34


 1578 056a 4359424C 		.ascii	"CYBLE_EVT_GAP_ENHANCE_CONN_COMPLETE\000"
 1578      455F4556 
 1578      545F4741 
 1578      505F454E 
 1578      48414E43 
 1579              	.LASF108:
 1580 058e 4379426C 		.ascii	"CyBle_GappStartAdvertisement\000"
 1580      655F4761 
 1580      70705374 
 1580      61727441 
 1580      64766572 
 1581              	.LASF73:
 1582 05ab 4359424C 		.ascii	"CYBLE_EVT_L2CAP_CONN_PARAM_UPDATE_REQ\000"
 1582      455F4556 
 1582      545F4C32 
 1582      4341505F 
 1582      434F4E4E 
 1583              	.LASF1:
 1584 05d1 756E7369 		.ascii	"unsigned char\000"
 1584      676E6564 
 1584      20636861 
 1584      7200
 1585              	.LASF63:
 1586 05df 4359424C 		.ascii	"CYBLE_EVT_GATTS_PREP_WRITE_REQ\000"
 1586      455F4556 
 1586      545F4741 
 1586      5454535F 
 1586      50524550 
 1587              	.LASF113:
 1588 05fe 4379426C 		.ascii	"CyBle_GattsWriteRsp\000"
 1588      655F4761 
 1588      74747357 
 1588      72697465 
 1588      52737000 
 1589              	.LASF85:
 1590 0612 4359424C 		.ascii	"CYBLE_EVT_LE_PING_AUTH_TIMEOUT\000"
 1590      455F4556 
 1590      545F4C45 
 1590      5F50494E 
 1590      475F4155 
 1591              	.LASF106:
 1592 0631 64657669 		.ascii	"deviceConnected\000"
 1592      6365436F 
 1592      6E6E6563 
 1592      74656400 
 1593              	.LASF55:
 1594 0641 4359424C 		.ascii	"CYBLE_EVT_GATTC_FIND_INFO_RSP\000"
 1594      455F4556 
 1594      545F4741 
 1594      5454435F 
 1594      46494E44 
 1595              	.LASF0:
 1596 065f 7369676E 		.ascii	"signed char\000"
 1596      65642063 
 1596      68617200 
 1597              	.LASF60:
 1598 066b 4359424C 		.ascii	"CYBLE_EVT_GATTS_WRITE_REQ\000"
ARM GAS  C:\Users\ANTONI~1\AppData\Local\Temp\ccMf7uB7.s 			page 35


 1598      455F4556 
 1598      545F4741 
 1598      5454535F 
 1598      57524954 
 1599              	.LASF56:
 1600 0685 4359424C 		.ascii	"CYBLE_EVT_GATTC_FIND_BY_TYPE_VALUE_RSP\000"
 1600      455F4556 
 1600      545F4741 
 1600      5454435F 
 1600      46494E44 
 1601              	.LASF28:
 1602 06ac 4359424C 		.ascii	"CYBLE_EVT_GAP_AUTH_COMPLETE\000"
 1602      455F4556 
 1602      545F4741 
 1602      505F4155 
 1602      54485F43 
 1603              	.LASF8:
 1604 06c8 756E7369 		.ascii	"unsigned int\000"
 1604      676E6564 
 1604      20696E74 
 1604      00
 1605              	.LASF110:
 1606 06d5 73657443 		.ascii	"setCursor\000"
 1606      7572736F 
 1606      7200
 1607              	.LASF49:
 1608 06df 4359424C 		.ascii	"CYBLE_EVT_GATT_CONNECT_IND\000"
 1608      455F4556 
 1608      545F4741 
 1608      54545F43 
 1608      4F4E4E45 
 1609              	.LASF5:
 1610 06fa 6C6F6E67 		.ascii	"long unsigned int\000"
 1610      20756E73 
 1610      69676E65 
 1610      6420696E 
 1610      7400
 1611              	.LASF25:
 1612 070c 4359424C 		.ascii	"CYBLE_EVT_GAP_AUTH_REQ\000"
 1612      455F4556 
 1612      545F4741 
 1612      505F4155 
 1612      54485F52 
 1613              	.LASF91:
 1614 0723 61747449 		.ascii	"attId\000"
 1614      6400
 1615              	.LASF78:
 1616 0729 4359424C 		.ascii	"CYBLE_EVT_L2CAP_CBFC_DISCONN_IND\000"
 1616      455F4556 
 1616      545F4C32 
 1616      4341505F 
 1616      43424643 
 1617              	.LASF33:
 1618 074a 4359424C 		.ascii	"CYBLE_EVT_GAP_ENCRYPT_CHANGE\000"
 1618      455F4556 
 1618      545F4741 
 1618      505F454E 
ARM GAS  C:\Users\ANTONI~1\AppData\Local\Temp\ccMf7uB7.s 			page 36


 1618      43525950 
 1619              	.LASF98:
 1620 0767 636F6E6E 		.ascii	"connHandle\000"
 1620      48616E64 
 1620      6C6500
 1621              	.LASF44:
 1622 0772 4359424C 		.ascii	"CYBLE_EVT_GAP_CONN_ESTB\000"
 1622      455F4556 
 1622      545F4741 
 1622      505F434F 
 1622      4E4E5F45 
 1623              	.LASF72:
 1624 078a 4359424C 		.ascii	"CYBLE_EVT_GATTC_LONG_PROCEDURE_END\000"
 1624      455F4556 
 1624      545F4741 
 1624      5454435F 
 1624      4C4F4E47 
 1625              	.LASF36:
 1626 07ad 4359424C 		.ascii	"CYBLE_EVT_GAP_KEYINFO_EXCHNGE_CMPLT\000"
 1626      455F4556 
 1626      545F4741 
 1626      505F4B45 
 1626      59494E46 
 1627              	.LASF111:
 1628 07d1 4C43445F 		.ascii	"LCD_print\000"
 1628      7072696E 
 1628      7400
 1629              	.LASF87:
 1630 07db 4359424C 		.ascii	"CYBLE_EVT_FLASH_CORRUPT\000"
 1630      455F4556 
 1630      545F464C 
 1630      4153485F 
 1630      434F5252 
 1631              	.LASF34:
 1632 07f3 4359424C 		.ascii	"CYBLE_EVT_GAP_CONNECTION_UPDATE_COMPLETE\000"
 1632      455F4556 
 1632      545F4741 
 1632      505F434F 
 1632      4E4E4543 
 1633              	.LASF43:
 1634 081c 4359424C 		.ascii	"CYBLE_EVT_GAP_SMP_NEGOTIATED_AUTH_INFO\000"
 1634      455F4556 
 1634      545F4741 
 1634      505F534D 
 1634      505F4E45 
 1635              	.LASF14:
 1636 0843 63686172 		.ascii	"char\000"
 1636      00
 1637              	.LASF94:
 1638 0848 4359424C 		.ascii	"CYBLE_GATT_VALUE_T\000"
 1638      455F4741 
 1638      54545F56 
 1638      414C5545 
 1638      5F5400
 1639              	.LASF75:
 1640 085b 4359424C 		.ascii	"CYBLE_EVT_L2CAP_COMMAND_REJ\000"
 1640      455F4556 
ARM GAS  C:\Users\ANTONI~1\AppData\Local\Temp\ccMf7uB7.s 			page 37


 1640      545F4C32 
 1640      4341505F 
 1640      434F4D4D 
 1641              	.LASF3:
 1642 0877 73686F72 		.ascii	"short unsigned int\000"
 1642      7420756E 
 1642      7369676E 
 1642      65642069 
 1642      6E7400
 1643              	.LASF9:
 1644 088a 75696E74 		.ascii	"uint8\000"
 1644      3800
 1645              	.LASF99:
 1646 0890 68616E64 		.ascii	"handleValPair\000"
 1646      6C655661 
 1646      6C506169 
 1646      7200
 1647              	.LASF10:
 1648 089e 75696E74 		.ascii	"uint16\000"
 1648      313600
 1649              	.LASF58:
 1650 08a5 4359424C 		.ascii	"CYBLE_EVT_GATTC_READ_BLOB_RSP\000"
 1650      455F4556 
 1650      545F4741 
 1650      5454435F 
 1650      52454144 
 1651              	.LASF65:
 1652 08c3 4359424C 		.ascii	"CYBLE_EVT_GATTC_EXEC_WRITE_RSP\000"
 1652      455F4556 
 1652      545F4741 
 1652      5454435F 
 1652      45584543 
 1653              	.LASF11:
 1654 08e2 75696E74 		.ascii	"uint32\000"
 1654      333200
 1655              	.LASF84:
 1656 08e9 4359424C 		.ascii	"CYBLE_EVT_PENDING_FLASH_WRITE\000"
 1656      455F4556 
 1656      545F5045 
 1656      4E44494E 
 1656      475F464C 
 1657              	.LASF81:
 1658 0907 4359424C 		.ascii	"CYBLE_EVT_L2CAP_CBFC_RX_CREDIT_IND\000"
 1658      455F4556 
 1658      545F4C32 
 1658      4341505F 
 1658      43424643 
 1659              	.LASF96:
 1660 092a 61747472 		.ascii	"attrHandle\000"
 1660      48616E64 
 1660      6C6500
 1661              	.LASF13:
 1662 0935 646F7562 		.ascii	"double\000"
 1662      6C6500
 1663              	.LASF92:
 1664 093c 4359424C 		.ascii	"CYBLE_CONN_HANDLE_T\000"
 1664      455F434F 
ARM GAS  C:\Users\ANTONI~1\AppData\Local\Temp\ccMf7uB7.s 			page 38


 1664      4E4E5F48 
 1664      414E444C 
 1664      455F5400 
 1665              	.LASF97:
 1666 0950 4359424C 		.ascii	"CYBLE_GATT_HANDLE_VALUE_PAIR_T\000"
 1666      455F4741 
 1666      54545F48 
 1666      414E444C 
 1666      455F5641 
 1667              	.LASF82:
 1668 096f 4359424C 		.ascii	"CYBLE_EVT_L2CAP_CBFC_TX_CREDIT_IND\000"
 1668      455F4556 
 1668      545F4C32 
 1668      4341505F 
 1668      43424643 
 1669              	.LASF45:
 1670 0992 4359424C 		.ascii	"CYBLE_EVT_GAP_SCAN_REQ_RECVD\000"
 1670      455F4556 
 1670      545F4741 
 1670      505F5343 
 1670      414E5F52 
 1671              	.LASF105:
 1672 09af 73746172 		.ascii	"startNotificationProximity\000"
 1672      744E6F74 
 1672      69666963 
 1672      6174696F 
 1672      6E50726F 
 1673              	.LASF20:
 1674 09ca 4359424C 		.ascii	"CYBLE_EVT_HARDWARE_ERROR\000"
 1674      455F4556 
 1674      545F4841 
 1674      52445741 
 1674      52455F45 
 1675              	.LASF80:
 1676 09e3 4359424C 		.ascii	"CYBLE_EVT_L2CAP_CBFC_DATA_READ\000"
 1676      455F4556 
 1676      545F4C32 
 1676      4341505F 
 1676      43424643 
 1677              	.LASF74:
 1678 0a02 4359424C 		.ascii	"CYBLE_EVT_L2CAP_CONN_PARAM_UPDATE_RSP\000"
 1678      455F4556 
 1678      545F4C32 
 1678      4341505F 
 1678      434F4E4E 
 1679              	.LASF24:
 1680 0a28 4359424C 		.ascii	"CYBLE_EVT_GAPC_SCAN_PROGRESS_RESULT\000"
 1680      455F4556 
 1680      545F4741 
 1680      50435F53 
 1680      43414E5F 
 1681              	.LASF115:
 1682 0a4c 424C455F 		.ascii	"BLE_APP.c\000"
 1682      4150502E 
 1682      6300
 1683              	.LASF93:
 1684 0a56 61637475 		.ascii	"actualLen\000"
ARM GAS  C:\Users\ANTONI~1\AppData\Local\Temp\ccMf7uB7.s 			page 39


 1684      616C4C65 
 1684      6E00
 1685              	.LASF53:
 1686 0a60 4359424C 		.ascii	"CYBLE_EVT_GATTC_READ_BY_GROUP_TYPE_RSP\000"
 1686      455F4556 
 1686      545F4741 
 1686      5454435F 
 1686      52454144 
 1687              	.LASF62:
 1688 0a87 4359424C 		.ascii	"CYBLE_EVT_GATTS_WRITE_CMD_REQ\000"
 1688      455F4556 
 1688      545F4741 
 1688      5454535F 
 1688      57524954 
 1689              	.LASF52:
 1690 0aa5 4359424C 		.ascii	"CYBLE_EVT_GATTC_XCHNG_MTU_RSP\000"
 1690      455F4556 
 1690      545F4741 
 1690      5454435F 
 1690      5843484E 
 1691              	.LASF19:
 1692 0ac3 4359424C 		.ascii	"CYBLE_EVT_TIMEOUT\000"
 1692      455F4556 
 1692      545F5449 
 1692      4D454F55 
 1692      5400
 1693              	.LASF83:
 1694 0ad5 4359424C 		.ascii	"CYBLE_EVT_L2CAP_CBFC_DATA_WRITE_IND\000"
 1694      455F4556 
 1694      545F4C32 
 1694      4341505F 
 1694      43424643 
 1695              	.LASF35:
 1696 0af9 4359424C 		.ascii	"CYBLE_EVT_GAPC_SCAN_START_STOP\000"
 1696      455F4556 
 1696      545F4741 
 1696      50435F53 
 1696      43414E5F 
 1697              	.LASF88:
 1698 0b18 4359424C 		.ascii	"CYBLE_EVT_MAX\000"
 1698      455F4556 
 1698      545F4D41 
 1698      5800
 1699              	.LASF107:
 1700 0b26 636F6E6E 		.ascii	"connectionHandle\000"
 1700      65637469 
 1700      6F6E4861 
 1700      6E646C65 
 1700      00
 1701              	.LASF117:
 1702 0b37 424C4543 		.ascii	"BLECallBack\000"
 1702      616C6C42 
 1702      61636B00 
 1703              	.LASF71:
 1704 0b43 4359424C 		.ascii	"CYBLE_EVT_GATTS_READ_CHAR_VAL_ACCESS_REQ\000"
 1704      455F4556 
 1704      545F4741 
ARM GAS  C:\Users\ANTONI~1\AppData\Local\Temp\ccMf7uB7.s 			page 40


 1704      5454535F 
 1704      52454144 
 1705              	.LASF70:
 1706 0b6c 4359424C 		.ascii	"CYBLE_EVT_GATTC_STOP_CMD_COMPLETE\000"
 1706      455F4556 
 1706      545F4741 
 1706      5454435F 
 1706      53544F50 
 1707              	.LASF95:
 1708 0b8e 76616C75 		.ascii	"value\000"
 1708      6500
 1709              	.LASF64:
 1710 0b94 4359424C 		.ascii	"CYBLE_EVT_GATTS_EXEC_WRITE_REQ\000"
 1710      455F4556 
 1710      545F4741 
 1710      5454535F 
 1710      45584543 
 1711              	.LASF89:
 1712 0bb3 4359424C 		.ascii	"CYBLE_GATT_DB_ATTR_HANDLE_T\000"
 1712      455F4741 
 1712      54545F44 
 1712      425F4154 
 1712      54525F48 
 1713              	.LASF102:
 1714 0bcf 6576656E 		.ascii	"eventParam\000"
 1714      74506172 
 1714      616D00
 1715              	.LASF69:
 1716 0bda 4359424C 		.ascii	"CYBLE_EVT_GATTS_DATA_SIGNED_CMD_REQ\000"
 1716      455F4556 
 1716      545F4741 
 1716      5454535F 
 1716      44415441 
 1717              	.LASF86:
 1718 0bfe 4359424C 		.ascii	"CYBLE_EVT_HCI_PKT\000"
 1718      455F4556 
 1718      545F4843 
 1718      495F504B 
 1718      5400
 1719              	.LASF39:
 1720 0c10 4359424C 		.ascii	"CYBLE_EVT_GAP_OOB_GENERATED_NOTIFICATION\000"
 1720      455F4556 
 1720      545F4741 
 1720      505F4F4F 
 1720      425F4745 
 1721              		.ident	"GCC: (GNU Tools for ARM Embedded Processors) 5.4.1 20160609 (release) [ARM/embedded-5-bran
